# Logfile created on Fri Oct 16 15:51:58 -0500 2009INFO: Mirroring assets from /home/qpomo/ruby/gems/gems/spree-0.9.1/vendor/extensions/localization/public to /home/qpomo/tienda/public
INFO: Mirroring assets from /home/qpomo/tienda/vendor/extensions/site/public to /home/qpomo/tienda/public
INFO: Mirroring assets from /home/qpomo/ruby/gems/gems/spree-0.9.1/vendor/extensions/localization/public to /home/qpomo/tienda/public
INFO: Mirroring assets from /home/qpomo/tienda/vendor/extensions/site/public to /home/qpomo/tienda/public
INFO: Loading mail preferences
  [4;36;1mSQL (0.1ms)[0m   [0;1mSET SQL_AUTO_IS_NULL=0[0m
  [4;35;1mSQL (0.2ms)[0m   [0mSHOW TABLES[0m
=========================================================================
ERROR: Something went wrong while loading mail preferences
       Verify you created a default configuration in admin/configurations
=========================================================================
  [4;36;1mSQL (0.4ms)[0m   [0;1mSHOW TABLES[0m
  [4;35;1mSQL (0.1ms)[0m   [0mSHOW TABLES[0m
  [4;36;1mSQL (0.1ms)[0m   [0;1mSHOW TABLES[0m
  [4;35;1mSQL (0.1ms)[0m   [0mSHOW TABLES[0m
  [4;36;1mSQL (0.1ms)[0m   [0;1mSHOW TABLES[0m
  [4;35;1mSQL (0.2ms)[0m   [0mSHOW TABLES[0m
  [4;36;1mOrder Columns (0.0ms)[0m   [0;1mMysql::Error: Table 'qpomo_spreedev.orders' doesn't exist: SHOW FIELDS FROM `orders`[0m
INFO: Loading initializer /home/qpomo/tienda/vendor/extensions/site/config/initializers/session_store.rb
INFO: Loading routes from /home/qpomo/ruby/gems/gems/spree-0.9.1/vendor/extensions/localization/config/routes.rb
INFO: Loading routes from /home/qpomo/ruby/gems/gems/spree-0.9.1/vendor/extensions/payment_gateway/config/routes.rb
INFO: Loading routes from /home/qpomo/tienda/vendor/extensions/paypal_express/config/routes.rb
INFO: Loading routes from /home/qpomo/tienda/vendor/extensions/site/config/routes.rb
  [4;35;1mSQL (0.4ms)[0m   [0mSHOW TABLES[0m
  [4;36;1mSQL (34.8ms)[0m   [0;1mCREATE TABLE `schema_migrations` (`version` varchar(255) NOT NULL) ENGINE=InnoDB[0m
  [4;35;1mSQL (28.4ms)[0m   [0mCREATE UNIQUE INDEX `unique_schema_migrations` ON `schema_migrations` (`version`)[0m
  [4;36;1mSQL (0.2ms)[0m   [0;1mSHOW TABLES[0m
  [4;35;1mSQL (0.1ms)[0m   [0mSHOW TABLES[0m
  [4;36;1mSQL (0.5ms)[0m   [0;1mSELECT version FROM schema_migrations[0m
Migrating to CreateAddresses (1)
  [4;35;1mSQL (8.8ms)[0m   [0mCREATE TABLE `addresses` (`id` int(11) DEFAULT NULL auto_increment PRIMARY KEY, `firstname` varchar(255), `lastname` varchar(255), `address1` varchar(255), `address2` varchar(255), `city` varchar(255), `state_id` int(11), `zipcode` varchar(255), `country_id` int(11), `phone` varchar(255), `created_at` datetime, `updated_at` datetime) ENGINE=InnoDB[0m
  [4;36;1mSQL (0.3ms)[0m   [0;1mINSERT INTO schema_migrations (version) VALUES ('1')[0m
Migrating to CreateCartItems (2)
  [4;35;1mSQL (0.3ms)[0m   [0mSHOW TABLES[0m
  [4;36;1mSQL (5.1ms)[0m   [0;1mCREATE TABLE `cart_items` (`id` int(11) DEFAULT NULL auto_increment PRIMARY KEY, `cart_id` int(11) NOT NULL, `variant_id` int(11) NOT NULL, `quantity` int(11) NOT NULL) ENGINE=InnoDB[0m
  [4;35;1mSQL (0.2ms)[0m   [0mINSERT INTO schema_migrations (version) VALUES ('2')[0m
Migrating to CreateCarts (3)
  [4;36;1mSQL (0.2ms)[0m   [0;1mSHOW TABLES[0m
  [4;35;1mSQL (7.3ms)[0m   [0mCREATE TABLE `carts` (`id` int(11) DEFAULT NULL auto_increment PRIMARY KEY, `created_at` datetime, `updated_at` datetime) ENGINE=InnoDB[0m
  [4;36;1mSQL (0.1ms)[0m   [0;1mINSERT INTO schema_migrations (version) VALUES ('3')[0m
Migrating to CreateCategories (4)
  [4;35;1mSQL (0.2ms)[0m   [0mSHOW TABLES[0m
  [4;36;1mSQL (2.6ms)[0m   [0;1mCREATE TABLE `categories` (`id` int(11) DEFAULT NULL auto_increment PRIMARY KEY, `name` varchar(255) DEFAULT '' NOT NULL, `parent_id` int(11), `position` int(11) NOT NULL, `created_at` datetime, `updated_at` datetime) ENGINE=InnoDB[0m
  [4;35;1mSQL (0.1ms)[0m   [0mINSERT INTO schema_migrations (version) VALUES ('4')[0m
Migrating to CreateCategoriesProducts (5)
  [4;36;1mSQL (0.3ms)[0m   [0;1mINSERT INTO schema_migrations (version) VALUES ('5')[0m
Migrating to CreateLineItems (6)
  [4;35;1mSQL (0.2ms)[0m   [0mSHOW TABLES[0m
  [4;36;1mSQL (2.7ms)[0m   [0;1mCREATE TABLE `line_items` (`id` int(11) DEFAULT NULL auto_increment PRIMARY KEY, `order_id` int(11), `variant_id` int(11), `quantity` int(11) NOT NULL, `price` decimal(8,2) NOT NULL, `created_at` datetime, `updated_at` datetime) ENGINE=InnoDB[0m
  [4;35;1mSQL (0.2ms)[0m   [0mINSERT INTO schema_migrations (version) VALUES ('6')[0m
Migrating to CreateOptionValues (7)
  [4;36;1mSQL (9.0ms)[0m   [0;1mCREATE TABLE `option_values` (`id` int(11) DEFAULT NULL auto_increment PRIMARY KEY, `option_type_id` int(11), `name` varchar(255), `position` int(11), `presentation` varchar(255), `created_at` datetime, `updated_at` datetime) ENGINE=InnoDB[0m
  [4;35;1mSQL (0.1ms)[0m   [0mINSERT INTO schema_migrations (version) VALUES ('7')[0m
Migrating to CreateOrders (8)
  [4;36;1mSQL (0.2ms)[0m   [0;1mSHOW TABLES[0m
  [4;35;1mSQL (4.8ms)[0m   [0mCREATE TABLE `orders` (`id` int(11) DEFAULT NULL auto_increment PRIMARY KEY, `user_id` int(11), `number` varchar(15), `status` int(11), `ship_method` int(11), `ship_amount` decimal(8,2) DEFAULT 0.0 NOT NULL, `tax_amount` decimal(8,2) DEFAULT 0.0 NOT NULL, `item_total` decimal(8,2) DEFAULT 0.0 NOT NULL, `total` decimal(8,2) DEFAULT 0.0 NOT NULL, `ip_address` varchar(255), `special_instructions` text, `ship_address_id` int(11), `bill_address_id` int(11), `created_at` datetime, `updated_at` datetime) ENGINE=InnoDB[0m
  [4;36;1mSQL (0.2ms)[0m   [0;1mINSERT INTO schema_migrations (version) VALUES ('8')[0m
Migrating to CreateProducts (9)
  [4;35;1mSQL (2.3ms)[0m   [0mCREATE TABLE `products` (`id` int(11) DEFAULT NULL auto_increment PRIMARY KEY, `name` varchar(255) DEFAULT '' NOT NULL, `description` text, `master_price` decimal(8,2), `category_id` int(11), `viewable_id` int(11), `created_at` datetime, `updated_at` datetime) ENGINE=InnoDB[0m
  [4;36;1mSQL (0.2ms)[0m   [0;1mINSERT INTO schema_migrations (version) VALUES ('9')[0m
Migrating to CreateTxns (10)
  [4;35;1mSQL (0.2ms)[0m   [0mSHOW TABLES[0m
  [4;36;1mSQL (2.7ms)[0m   [0;1mCREATE TABLE `txns` (`id` int(11) DEFAULT NULL auto_increment PRIMARY KEY, `credit_card_id` int(11), `amount` decimal(8,2) DEFAULT 0.0 NOT NULL, `txn_type` varchar(255), `response_code` varchar(255), `avs_response` text, `cvv_response` text, `created_at` datetime, `updated_at` datetime) ENGINE=InnoDB[0m
  [4;35;1mSQL (0.2ms)[0m   [0mINSERT INTO schema_migrations (version) VALUES ('10')[0m
Migrating to CreateVariants (11)
  [4;36;1mSQL (22.5ms)[0m   [0;1mCREATE TABLE `variants` (`id` int(11) DEFAULT NULL auto_increment PRIMARY KEY, `product_id` int(11), `sku` varchar(255) DEFAULT '' NOT NULL, `price` decimal(8,2) NOT NULL) ENGINE=InnoDB[0m
  [4;35;1mSQL (0.2ms)[0m   [0mINSERT INTO schema_migrations (version) VALUES ('11')[0m
Migrating to CreateTaxTreatments (12)
  [4;36;1mSQL (38.7ms)[0m   [0;1mCREATE TABLE `tax_treatments` (`id` int(11) DEFAULT NULL auto_increment PRIMARY KEY, `name` varchar(255)) ENGINE=InnoDB[0m
  [4;35;1mSQL (33.3ms)[0m   [0mCREATE TABLE `products_tax_treatments` (`product_id` int(11), `tax_treatment_id` int(11)) ENGINE=InnoDB[0m
  [4;36;1mSQL (7.8ms)[0m   [0;1mCREATE TABLE `categories_tax_treatments` (`category_id` int(11), `tax_treatment_id` int(11)) ENGINE=InnoDB[0m
  [4;35;1mSQL (0.2ms)[0m   [0mINSERT INTO schema_migrations (version) VALUES ('12')[0m
Migrating to CreateCountries (13)
  [4;36;1mSQL (3.2ms)[0m   [0;1mCREATE TABLE `countries` (`id` int(11) DEFAULT NULL auto_increment PRIMARY KEY, `name` varchar(255)) ENGINE=InnoDB[0m
  [4;35;1mSQL (0.2ms)[0m   [0mINSERT INTO schema_migrations (version) VALUES ('13')[0m
Migrating to CreateStates (14)
  [4;36;1mSQL (4.3ms)[0m   [0;1mCREATE TABLE `states` (`id` int(11) DEFAULT NULL auto_increment PRIMARY KEY, `name` varchar(255), `abbr` varchar(255), `country_id` int(11)) ENGINE=InnoDB[0m
  [4;35;1mSQL (0.7ms)[0m   [0mINSERT INTO schema_migrations (version) VALUES ('14')[0m
Migrating to CreateOptionTypes (15)
  [4;36;1mSQL (2.5ms)[0m   [0;1mCREATE TABLE `option_types` (`id` int(11) DEFAULT NULL auto_increment PRIMARY KEY, `name` varchar(100), `presentation` varchar(100), `created_at` datetime, `updated_at` datetime) ENGINE=InnoDB[0m
  [4;35;1mSQL (0.2ms)[0m   [0mINSERT INTO schema_migrations (version) VALUES ('15')[0m
Migrating to CreateProductOptionTypes (16)
  [4;36;1mSQL (2.9ms)[0m   [0;1mCREATE TABLE `product_option_types` (`id` int(11) DEFAULT NULL auto_increment PRIMARY KEY, `product_id` int(11), `option_type_id` int(11), `position` int(11), `created_at` datetime, `updated_at` datetime) ENGINE=InnoDB[0m
  [4;35;1mSQL (0.2ms)[0m   [0mINSERT INTO schema_migrations (version) VALUES ('16')[0m
Migrating to CreateOptionValuesVariants (17)
  [4;36;1mSQL (17.9ms)[0m   [0;1mCREATE TABLE `option_values_variants` (`variant_id` int(11), `option_value_id` int(11)) ENGINE=InnoDB[0m
  [4;35;1mSQL (0.2ms)[0m   [0mINSERT INTO schema_migrations (version) VALUES ('17')[0m
Migrating to CreateImages (18)
  [4;36;1mSQL (25.8ms)[0m   [0;1mCREATE TABLE `images` (`id` int(11) DEFAULT NULL auto_increment PRIMARY KEY, `viewable_id` int(11), `viewable_type` varchar(255), `parent_id` int(11), `content_type` varchar(255), `filename` varchar(255), `size` int(11), `height` int(11), `width` int(11), `thumbnail` varchar(255), `position` int(11)) ENGINE=InnoDB[0m
  [4;35;1mSQL (0.2ms)[0m   [0mINSERT INTO schema_migrations (version) VALUES ('18')[0m
Migrating to CreateCreditCards (19)
  [4;36;1mSQL (5.0ms)[0m   [0;1mCREATE TABLE `credit_cards` (`id` int(11) DEFAULT NULL auto_increment PRIMARY KEY, `order_id` int(11), `number` varchar(255), `verification_value` varchar(255), `cc_type` varchar(255), `month` varchar(255), `year` varchar(255), `display_number` varchar(255), `first_name` varchar(255), `last_name` varchar(255), `created_at` datetime, `updated_at` datetime) ENGINE=InnoDB[0m
  [4;35;1mSQL (0.2ms)[0m   [0mINSERT INTO schema_migrations (version) VALUES ('19')[0m
Migrating to CreateOrderOperations (20)
  [4;36;1mSQL (10.2ms)[0m   [0;1mCREATE TABLE `order_operations` (`id` int(11) DEFAULT NULL auto_increment PRIMARY KEY, `order_id` int(11), `user_id` int(11), `operation_type` int(11), `created_at` datetime, `updated_at` datetime) ENGINE=InnoDB[0m
  [4;35;1mSQL (0.2ms)[0m   [0mINSERT INTO schema_migrations (version) VALUES ('20')[0m
Migrating to CreateInventoryUnits (21)
  [4;36;1mSQL (25.8ms)[0m   [0;1mCREATE TABLE `inventory_units` (`id` int(11) DEFAULT NULL auto_increment PRIMARY KEY, `variant_id` int(11), `order_id` int(11), `status` int(11), `lock_version` int(11) DEFAULT 0, `created_at` datetime, `updated_at` datetime) ENGINE=InnoDB[0m
  [4;35;1mSQL (0.1ms)[0m   [0mINSERT INTO schema_migrations (version) VALUES ('21')[0m
Migrating to CreateUsers (22)
  [4;36;1mSQL (0.4ms)[0m   [0;1mSHOW TABLES[0m
  [4;35;1mSQL (25.3ms)[0m   [0mCREATE TABLE `users` (`id` int(11) DEFAULT NULL auto_increment PRIMARY KEY, `login` varchar(255), `email` varchar(255), `crypted_password` varchar(40), `salt` varchar(40), `remember_token` varchar(255), `remember_token_expires_at` varchar(255), `created_at` datetime, `updated_at` datetime) ENGINE=InnoDB[0m
  [4;36;1mSQL (0.2ms)[0m   [0;1mINSERT INTO schema_migrations (version) VALUES ('22')[0m
Migrating to CreateRoles (23)
  [4;35;1mSQL (26.0ms)[0m   [0mCREATE TABLE `roles` (`id` int(11) DEFAULT NULL auto_increment PRIMARY KEY, `name` varchar(255)) ENGINE=InnoDB[0m
  [4;36;1mSQL (23.6ms)[0m   [0;1mCREATE TABLE `roles_users` (`role_id` int(11), `user_id` int(11)) ENGINE=InnoDB[0m
  [4;35;1mSQL (7.0ms)[0m   [0mCREATE INDEX `index_roles_users_on_role_id` ON `roles_users` (`role_id`)[0m
  [4;36;1mSQL (49.3ms)[0m   [0;1mCREATE INDEX `index_roles_users_on_user_id` ON `roles_users` (`user_id`)[0m
  [4;35;1mSQL (0.2ms)[0m   [0mINSERT INTO schema_migrations (version) VALUES ('23')[0m
Migrating to CreateExtensionMeta (24)
  [4;36;1mSQL (0.4ms)[0m   [0;1mSHOW TABLES[0m
  [4;35;1mSQL (3.4ms)[0m   [0mCREATE TABLE `extension_meta` (`id` int(11) DEFAULT NULL auto_increment PRIMARY KEY, `name` varchar(255), `schema_version` int(11) DEFAULT 0, `enabled` tinyint(1) DEFAULT 1) ENGINE=InnoDB[0m
  [4;36;1mSQL (0.3ms)[0m   [0;1mINSERT INTO schema_migrations (version) VALUES ('24')[0m
Migrating to DropTaxTreatments (25)
  [4;35;1mSQL (2.5ms)[0m   [0mDROP TABLE `tax_treatments`[0m
  [4;36;1mSQL (1.3ms)[0m   [0;1mDROP TABLE `categories_tax_treatments`[0m
  [4;35;1mSQL (1.4ms)[0m   [0mDROP TABLE `products_tax_treatments`[0m
  [4;36;1mSQL (0.2ms)[0m   [0;1mINSERT INTO schema_migrations (version) VALUES ('25')[0m
Migrating to AddUserToAddress (26)
  [4;35;1mSQL (5.7ms)[0m   [0mALTER TABLE `addresses` ADD `user_id` int(11)[0m
  [4;36;1mSQL (0.2ms)[0m   [0;1mINSERT INTO schema_migrations (version) VALUES ('26')[0m
Migrating to CreateTaxRates (20080620100001)
  [4;35;1mSQL (3.2ms)[0m   [0mCREATE TABLE `tax_rates` (`id` int(11) DEFAULT NULL auto_increment PRIMARY KEY, `state_id` int(11), `amount` decimal(8,4), `created_at` datetime, `updated_at` datetime) ENGINE=InnoDB[0m
  [4;36;1mSQL (0.2ms)[0m   [0;1mINSERT INTO schema_migrations (version) VALUES ('20080620100001')[0m
Migrating to CreateTaxonomies (20080620113300)
  [4;35;1mSQL (2.9ms)[0m   [0mCREATE TABLE `taxonomies` (`id` int(11) DEFAULT NULL auto_increment PRIMARY KEY, `name` varchar(255) NOT NULL, `presentation` varchar(255) NOT NULL, `created_at` datetime, `updated_at` datetime) ENGINE=InnoDB[0m
  [4;36;1mSQL (0.8ms)[0m   [0;1mINSERT INTO schema_migrations (version) VALUES ('20080620113300')[0m
Migrating to CreateTaxons (20080620113400)
  [4;35;1mSQL (2.2ms)[0m   [0mCREATE TABLE `taxons` (`id` int(11) DEFAULT NULL auto_increment PRIMARY KEY, `taxonomy_id` int(11) NOT NULL, `parent_id` int(11), `position` int(11) DEFAULT 0, `name` varchar(255) NOT NULL, `presentation` varchar(255) NOT NULL, `created_at` datetime, `updated_at` datetime) ENGINE=InnoDB[0m
  [4;36;1mSQL (0.8ms)[0m   [0;1mINSERT INTO schema_migrations (version) VALUES ('20080620113400')[0m
Migrating to DropExtensionMeta (20080622173128)
  [4;35;1mSQL (24.3ms)[0m   [0mDROP TABLE `extension_meta`[0m
  [4;36;1mSQL (0.3ms)[0m   [0;1mINSERT INTO schema_migrations (version) VALUES ('20080622173128')[0m
Migrating to CreatePrototypes (20080622194800)
  [4;35;1mSQL (3.2ms)[0m   [0mCREATE TABLE `prototypes` (`id` int(11) DEFAULT NULL auto_increment PRIMARY KEY, `name` varchar(255), `presentation` varchar(255) NOT NULL, `created_at` datetime, `updated_at` datetime) ENGINE=InnoDB[0m
  [4;36;1mSQL (0.1ms)[0m   [0;1mINSERT INTO schema_migrations (version) VALUES ('20080622194800')[0m
Migrating to CreateProperties (20080622194830)
  [4;35;1mSQL (8.4ms)[0m   [0mCREATE TABLE `properties` (`id` int(11) DEFAULT NULL auto_increment PRIMARY KEY, `name` varchar(255), `presentation` varchar(255) NOT NULL, `created_at` datetime, `updated_at` datetime) ENGINE=InnoDB[0m
  [4;36;1mSQL (0.1ms)[0m   [0;1mINSERT INTO schema_migrations (version) VALUES ('20080622194830')[0m
Migrating to CreatePropertiesPrototypes (20080622195000)
  [4;35;1mSQL (21.9ms)[0m   [0mCREATE TABLE `properties_prototypes` (`prototype_id` int(11), `property_id` int(11)) ENGINE=InnoDB[0m
  [4;36;1mSQL (0.2ms)[0m   [0;1mINSERT INTO schema_migrations (version) VALUES ('20080622195000')[0m
Migrating to CreatePropertyValues (20080622195100)
  [4;35;1mSQL (21.4ms)[0m   [0mCREATE TABLE `property_values` (`id` int(11) DEFAULT NULL auto_increment PRIMARY KEY, `product_id` int(11), `property_id` int(11), `value` varchar(255), `created_at` datetime, `updated_at` datetime) ENGINE=InnoDB[0m
  [4;36;1mSQL (0.2ms)[0m   [0;1mINSERT INTO schema_migrations (version) VALUES ('20080622195100')[0m
Migrating to CreateZones (20080630003326)
  [4;35;1mSQL (3.1ms)[0m   [0mCREATE TABLE `zones` (`id` int(11) DEFAULT NULL auto_increment PRIMARY KEY, `name` varchar(255), `description` varchar(255), `created_at` datetime, `updated_at` datetime) ENGINE=InnoDB[0m
  [4;36;1mSQL (0.2ms)[0m   [0;1mINSERT INTO schema_migrations (version) VALUES ('20080630003326')[0m
Migrating to CreatePreferences (20080630150630)
  [4;35;1mSQL (3.1ms)[0m   [0mCREATE TABLE `preferences` (`id` int(11) DEFAULT NULL auto_increment PRIMARY KEY, `attribute` varchar(255) NOT NULL, `owner_id` int(11) NOT NULL, `owner_type` varchar(255) NOT NULL, `group_id` int(11), `group_type` varchar(255), `value` varchar(255), `created_at` datetime, `updated_at` datetime) ENGINE=InnoDB[0m
  [4;36;1mSQL (13.4ms)[0m   [0;1mCREATE UNIQUE INDEX `index_preferences_on_owner_and_attribute_and_preference` ON `preferences` (`owner_id`, `owner_type`, `attribute`, `group_id`, `group_type`)[0m
  [4;35;1mSQL (0.2ms)[0m   [0mINSERT INTO schema_migrations (version) VALUES ('20080630150630')[0m
Migrating to AddIsoCountryInformation (20080630152702)
  [4;36;1mSQL (6.1ms)[0m   [0;1mALTER TABLE `countries` ADD `iso` varchar(255)[0m
  [4;35;1mSQL (5.5ms)[0m   [0mALTER TABLE `countries` ADD `printable_name` varchar(255)[0m
  [4;36;1mSQL (23.3ms)[0m   [0;1mALTER TABLE `countries` ADD `iso3` varchar(255)[0m
  [4;35;1mSQL (25.6ms)[0m   [0mALTER TABLE `countries` ADD `numcode` int(11)[0m
  [4;36;1mSQL (0.2ms)[0m   [0;1mINSERT INTO schema_migrations (version) VALUES ('20080630152702')[0m
Migrating to CreateCountriesZones (20080630154400)
  [4;35;1mSQL (0.1ms)[0m   [0mINSERT INTO schema_migrations (version) VALUES ('20080630154400')[0m
Migrating to CreateZoneMembers (20080630215310)
  [4;36;1mSQL (30.3ms)[0m   [0;1mCREATE TABLE `zone_members` (`id` int(11) DEFAULT NULL auto_increment PRIMARY KEY, `parent_id` int(11), `member_id` int(11), `member_type` varchar(255), `created_at` datetime, `updated_at` datetime) ENGINE=InnoDB[0m
  [4;35;1mSQL (0.3ms)[0m   [0mINSERT INTO schema_migrations (version) VALUES ('20080630215310')[0m
Migrating to UpdateCountryRenameName (20080703184654)
  [4;36;1mSQL (1.8ms)[0m   [0;1mSHOW FIELDS FROM `countries`[0m
  [4;35;1mSQL (0.5ms)[0m   [0mSHOW COLUMNS FROM `countries` LIKE 'name'[0m
  [4;36;1mSQL (21.4ms)[0m   [0;1mALTER TABLE `countries` CHANGE `name` `iso_name` varchar(255) DEFAULT NULL[0m
  [4;35;1mSQL (1.5ms)[0m   [0mSHOW FIELDS FROM `countries`[0m
  [4;36;1mSQL (0.5ms)[0m   [0;1mSHOW COLUMNS FROM `countries` LIKE 'printable_name'[0m
  [4;35;1mSQL (25.4ms)[0m   [0mALTER TABLE `countries` CHANGE `printable_name` `name` varchar(255) DEFAULT NULL[0m
  [4;36;1mSQL (0.2ms)[0m   [0;1mINSERT INTO schema_migrations (version) VALUES ('20080703184654')[0m
Migrating to CreateAppConfigurations (20080704181428)
  [4;35;1mSQL (22.3ms)[0m   [0mCREATE TABLE `app_configurations` (`id` int(11) DEFAULT NULL auto_increment PRIMARY KEY, `name` varchar(255), `created_at` datetime, `updated_at` datetime) ENGINE=InnoDB[0m
  [4;36;1mSQL (0.2ms)[0m   [0;1mINSERT INTO schema_migrations (version) VALUES ('20080704181428')[0m
Migrating to AddPermalinkAndPublishedToProducts (20080704190355)
  [4;35;1mSQL (24.9ms)[0m   [0mALTER TABLE `products` ADD `permalink` varchar(255)[0m
  [4;36;1mSQL (27.3ms)[0m   [0;1mALTER TABLE `products` ADD `available_on` datetime[0m
  [4;35;1mSQL (36.4ms)[0m   [0mCREATE INDEX `index_products_on_permalink` ON `products` (`permalink`)[0m
  [4;36;1mSQL (44.1ms)[0m   [0;1mCREATE INDEX `index_products_on_available_on` ON `products` (`available_on`)[0m
  [4;35;1mSQL (50.9ms)[0m   [0mCREATE INDEX `index_products_on_permalink_and_available_on` ON `products` (`permalink`, `available_on`)[0m
  [4;36;1mSQL (0.2ms)[0m   [0;1mINSERT INTO schema_migrations (version) VALUES ('20080704190355')[0m
Migrating to UpdateTaxRatesAddZonesEtc (20080704192456)
  [4;35;1mSQL (1.6ms)[0m   [0mSHOW FIELDS FROM `tax_rates`[0m
  [4;36;1mSQL (0.5ms)[0m   [0;1mSHOW COLUMNS FROM `tax_rates` LIKE 'state_id'[0m
  [4;35;1mSQL (24.6ms)[0m   [0mALTER TABLE `tax_rates` CHANGE `state_id` `zone_id` int(11) DEFAULT NULL[0m
  [4;36;1mSQL (18.2ms)[0m   [0;1mALTER TABLE `tax_rates` ADD `tax_type` int(11)[0m
  [4;35;1mSQL (38.4ms)[0m   [0mALTER TABLE `tax_rates` ADD `tax_category_id` int(11)[0m
  [4;36;1mSQL (0.2ms)[0m   [0;1mINSERT INTO schema_migrations (version) VALUES ('20080704192456')[0m
Migrating to CreateTaxCategories (20080707002329)
  [4;35;1mSQL (0.6ms)[0m   [0mSHOW TABLES[0m
  [4;36;1mSQL (9.5ms)[0m   [0;1mCREATE TABLE `tax_categories` (`id` int(11) DEFAULT NULL auto_increment PRIMARY KEY, `name` varchar(255), `description` varchar(255), `created_at` datetime, `updated_at` datetime) ENGINE=InnoDB[0m
  [4;35;1mSQL (29.8ms)[0m   [0mALTER TABLE `products` ADD `tax_category_id` int(11)[0m
  [4;36;1mSQL (0.2ms)[0m   [0;1mINSERT INTO schema_migrations (version) VALUES ('20080707002329')[0m
Migrating to RemoveLogin (20080708170103)
  [4;35;1mSQL (24.8ms)[0m   [0mALTER TABLE `users` DROP `login`[0m
  [4;36;1mSQL (0.2ms)[0m   [0;1mINSERT INTO schema_migrations (version) VALUES ('20080708170103')[0m
Migrating to AddOptimisticLockingToCart (20080715014028)
  [4;35;1mSQL (26.1ms)[0m   [0mALTER TABLE `carts` ADD `lock_version` int(11) DEFAULT 0[0m
  [4;36;1mSQL (0.2ms)[0m   [0;1mINSERT INTO schema_migrations (version) VALUES ('20080715014028')[0m
Migrating to ProductsTaxons (20080716155613)
  [4;35;1mSQL (23.3ms)[0m   [0mCREATE TABLE `products_taxons` (`product_id` int(11), `taxon_id` int(11)) ENGINE=InnoDB[0m
  [4;36;1mSQL (0.5ms)[0m   [0;1mINSERT INTO schema_migrations (version) VALUES ('20080716155613')[0m
Migrating to RenameTxnTable (20080720190623)
  [4;35;1mSQL (5.5ms)[0m   [0mRENAME TABLE `txns` TO `credit_card_txns`[0m
  [4;36;1mSQL (0.1ms)[0m   [0;1mINSERT INTO schema_migrations (version) VALUES ('20080720190623')[0m
Migrating to DropCategories (20080729213052)
  [4;35;1mSQL (2.2ms)[0m   [0mDROP TABLE `categories`[0m
  [4;36;1mSQL (0.2ms)[0m   [0;1mINSERT INTO schema_migrations (version) VALUES ('20080729213052')[0m
Migrating to RemovePrototypePresentation (20080803010846)
  [4;35;1mSQL (25.0ms)[0m   [0mALTER TABLE `prototypes` DROP `presentation`[0m
  [4;36;1mSQL (0.2ms)[0m   [0;1mINSERT INTO schema_migrations (version) VALUES ('20080803010846')[0m
Migrating to CreateProductProperty (20080807214829)
  [4;35;1mSQL (0.8ms)[0m   [0mRENAME TABLE `property_values` TO `product_properties`[0m
  [4;36;1mSQL (0.1ms)[0m   [0;1mINSERT INTO schema_migrations (version) VALUES ('20080807214829')[0m
Migrating to RemoveCart (20080815173251)
  [4;35;1mSQL (1.9ms)[0m   [0mDROP TABLE `carts`[0m
  [4;36;1mSQL (1.4ms)[0m   [0;1mDROP TABLE `cart_items`[0m
  [4;35;1mSQL (0.2ms)[0m   [0mINSERT INTO schema_migrations (version) VALUES ('20080815173251')[0m
Migrating to AddCheckoutStateToOrder (20080830173354)
  [4;36;1mSQL (18.5ms)[0m   [0;1mALTER TABLE `orders` ADD `checkout_state` varchar(255)[0m
  [4;35;1mSQL (0.2ms)[0m   [0mINSERT INTO schema_migrations (version) VALUES ('20080830173354')[0m
Migrating to AddressRefactor (20080901002711)
  [4;36;1mSQL (26.6ms)[0m   [0;1mALTER TABLE `addresses` ADD `addressable_id` int(11)[0m
  [4;35;1mSQL (26.7ms)[0m   [0mALTER TABLE `addresses` ADD `addressable_type` varchar(255)[0m
  [4;36;1mSQL (47.5ms)[0m   [0;1mALTER TABLE `orders` DROP `ship_address_id`[0m
  [4;35;1mSQL (20.9ms)[0m   [0mALTER TABLE `orders` DROP `bill_address_id`[0m
  [4;36;1mSQL (0.2ms)[0m   [0;1mINSERT INTO schema_migrations (version) VALUES ('20080901002711')[0m
Migrating to CreateCreditcardPayments (20080902001408)
  [4;35;1mSQL (0.8ms)[0m   [0mRENAME TABLE `credit_cards` TO `creditcard_payments`[0m
  [4;36;1mSQL (0.6ms)[0m   [0;1mRENAME TABLE `credit_card_txns` TO `creditcard_txns`[0m
  [4;35;1mSQL (64.9ms)[0m   [0mALTER TABLE `creditcard_payments` DROP `verification_value`[0m
  [4;36;1mSQL (1.9ms)[0m   [0;1mSHOW FIELDS FROM `creditcard_txns`[0m
  [4;35;1mSQL (0.6ms)[0m   [0mSHOW COLUMNS FROM `creditcard_txns` LIKE 'credit_card_id'[0m
  [4;36;1mSQL (27.4ms)[0m   [0;1mALTER TABLE `creditcard_txns` CHANGE `credit_card_id` `creditcard_payment_id` int(11) DEFAULT NULL[0m
  [4;35;1mSQL (0.8ms)[0m   [0mINSERT INTO schema_migrations (version) VALUES ('20080902001408')[0m
Migrating to RefactorOrderState (20080904150723)
  [4;36;1mSQL (1.8ms)[0m   [0;1mSHOW FIELDS FROM `orders`[0m
  [4;35;1mSQL (0.7ms)[0m   [0mSHOW COLUMNS FROM `orders` LIKE 'checkout_state'[0m
  [4;36;1mSQL (8.5ms)[0m   [0;1mALTER TABLE `orders` CHANGE `checkout_state` `state` varchar(255) DEFAULT NULL[0m
  [4;35;1mSQL (40.9ms)[0m   [0mALTER TABLE `orders` ADD `checkout_complete` tinyint(1)[0m
  [4;36;1mSQL (0.3ms)[0m   [0;1mupdate orders set state = 'in_progress' WHERE status = 1[0m
  [4;35;1mSQL (0.1ms)[0m   [0mupdate orders set state = 'authorized' WHERE status = 2[0m
  [4;36;1mSQL (0.1ms)[0m   [0;1mupdate orders set state = 'captured' WHERE status = 3[0m
  [4;35;1mSQL (0.1ms)[0m   [0mupdate orders set state = 'canceled' WHERE status = 4[0m
  [4;36;1mSQL (0.1ms)[0m   [0;1mupdate orders set state = 'returned' WHERE status = 5[0m
  [4;35;1mSQL (0.1ms)[0m   [0mupdate orders set state = 'shipped' WHERE status = 6[0m
  [4;36;1mSQL (0.1ms)[0m   [0;1mupdate orders set state = 'paid' WHERE status = 7[0m
  [4;35;1mSQL (0.1ms)[0m   [0mupdate orders set state = 'pending_payment' WHERE status = 8[0m
  [4;36;1mSQL (0.1ms)[0m   [0;1mupdate orders set state = 'in_progress' WHERE status = 9[0m
  [4;35;1mSQL (23.4ms)[0m   [0mALTER TABLE `orders` DROP `status`[0m
  [4;36;1mSQL (0.2ms)[0m   [0;1mINSERT INTO schema_migrations (version) VALUES ('20080904150723')[0m
Migrating to CreateStateEvents (20080904234457)
  [4;35;1mSQL (10.8ms)[0m   [0mCREATE TABLE `state_events` (`id` int(11) DEFAULT NULL auto_increment PRIMARY KEY, `order_id` int(11), `user_id` int(11), `name` varchar(255), `created_at` datetime, `updated_at` datetime) ENGINE=InnoDB[0m
  [4;36;1mSQL (2.4ms)[0m   [0;1mDROP TABLE `order_operations`[0m
  [4;35;1mSQL (0.2ms)[0m   [0mINSERT INTO schema_migrations (version) VALUES ('20080904234457')[0m
Migrating to AddInventoryState (20080905012833)
  [4;36;1mSQL (1.8ms)[0m   [0;1mSHOW FIELDS FROM `inventory_units`[0m
  [4;35;1mSQL (0.6ms)[0m   [0mSHOW COLUMNS FROM `inventory_units` LIKE 'status'[0m
  [4;36;1mSQL (6.9ms)[0m   [0;1mALTER TABLE `inventory_units` CHANGE `status` `state` int(11) DEFAULT NULL[0m
  [4;35;1mSQL (0.6ms)[0m   [0mINSERT INTO schema_migrations (version) VALUES ('20080905012833')[0m
Migrating to ChangeInventoryStateType (20080906174748)
  [4;36;1mSQL (1.9ms)[0m   [0;1mSHOW FIELDS FROM `inventory_units`[0m
  [4;35;1mSQL (6.9ms)[0m   [0mALTER TABLE `inventory_units` CHANGE `state` `state` varchar(255) DEFAULT NULL[0m
  [4;36;1mSQL (0.2ms)[0m   [0;1mINSERT INTO schema_migrations (version) VALUES ('20080906174748')[0m
Migrating to AddStateNameToAddress (20080909100504)
  [4;35;1mSQL (7.5ms)[0m   [0mALTER TABLE `addresses` ADD `state_name` varchar(255)[0m
  [4;36;1mSQL (0.3ms)[0m   [0;1mINSERT INTO schema_migrations (version) VALUES ('20080909100504')[0m
Migrating to RemoveUserAddress (20080915211650)
  [4;35;1mSQL (182.5ms)[0m   [0mALTER TABLE `addresses` DROP `user_id`[0m
  [4;36;1mSQL (0.2ms)[0m   [0;1mINSERT INTO schema_migrations (version) VALUES ('20080915211650')[0m
Migrating to RemovePresentationFromTaxonomy (20080918083321)
  [4;35;1mSQL (76.4ms)[0m   [0mALTER TABLE `taxonomies` DROP `presentation`[0m
  [4;36;1mSQL (62.1ms)[0m   [0;1mALTER TABLE `taxons` DROP `presentation`[0m
  [4;35;1mSQL (0.3ms)[0m   [0mINSERT INTO schema_migrations (version) VALUES ('20080918083321')[0m
Migrating to RenameAppConfiguration (20080918140438)
  [4;36;1mSQL (0.6ms)[0m   [0;1mRENAME TABLE `app_configurations` TO `configurations`[0m
  [4;35;1mSQL (6.9ms)[0m   [0mALTER TABLE `configurations` ADD `type` varchar(255)[0m
  [4;36;1mSQL (0.2ms)[0m   [0;1mUPDATE configurations SET type = 'AppConfiguration' WHERE name = 'Default configuration'[0m
  [4;35;1mSQL (0.2ms)[0m   [0mINSERT INTO schema_migrations (version) VALUES ('20080918140438')[0m
Migrating to CreateShippingMethods (20081003211336)
  [4;36;1mSQL (2.9ms)[0m   [0;1mCREATE TABLE `shipping_methods` (`id` int(11) DEFAULT NULL auto_increment PRIMARY KEY, `zone_id` int(11), `shipping_calculator` varchar(255), `name` varchar(255), `created_at` datetime, `updated_at` datetime) ENGINE=InnoDB[0m
  [4;35;1mSQL (0.2ms)[0m   [0mINSERT INTO schema_migrations (version) VALUES ('20081003211336')[0m
Migrating to CreateShippingCategories (20081003233427)
  [4;36;1mSQL (42.0ms)[0m   [0;1mCREATE TABLE `shipping_categories` (`id` int(11) DEFAULT NULL auto_increment PRIMARY KEY, `name` varchar(255), `created_at` datetime, `updated_at` datetime) ENGINE=InnoDB[0m
  [4;35;1mSQL (9.9ms)[0m   [0mALTER TABLE `products` ADD `shipping_category_id` int(11) DEFAULT NULL[0m
  [4;36;1mSQL (0.4ms)[0m   [0;1mINSERT INTO schema_migrations (version) VALUES ('20081003233427')[0m
Migrating to CreateShipments (20081015001711)
  [4;35;1mSQL (2.6ms)[0m   [0mCREATE TABLE `shipments` (`id` int(11) DEFAULT NULL auto_increment PRIMARY KEY, `order_id` int(11), `shipping_method_id` int(11), `tracking` varchar(255), `created_at` datetime, `updated_at` datetime) ENGINE=InnoDB[0m
  [4;36;1mSQL (11.9ms)[0m   [0;1mINSERT INTO schema_migrations (version) VALUES ('20081015001711')[0m
Migrating to RemoveDefunctOrderFields (20081016002224)
  [4;35;1mSQL (45.3ms)[0m   [0mALTER TABLE `orders` DROP `ship_method`[0m
  [4;36;1mSQL (0.2ms)[0m   [0;1mINSERT INTO schema_migrations (version) VALUES ('20081016002224')[0m
Migrating to DropCategoryIdFromProducts (20081016162924)
  [4;35;1mSQL (27.7ms)[0m   [0mALTER TABLE `products` DROP `category_id`[0m
  [4;36;1mSQL (0.2ms)[0m   [0;1mINSERT INTO schema_migrations (version) VALUES ('20081016162924')[0m
Migrating to RefactorImagesForPaperclip (20081018125019)
  [4;35;1mSQL (3.2ms)[0m   [0mRENAME TABLE `images` TO `assets`[0m
  [4;36;1mSQL (6.3ms)[0m   [0;1mALTER TABLE `assets` ADD `type` varchar(255)[0m
  [4;35;1mSQL (6.3ms)[0m   [0mALTER TABLE `assets` DROP `thumbnail`[0m
  [4;36;1mSQL (6.0ms)[0m   [0;1mALTER TABLE `assets` DROP `width`[0m
  [4;35;1mSQL (5.6ms)[0m   [0mALTER TABLE `assets` DROP `height`[0m
  [4;36;1mSQL (2.0ms)[0m   [0;1mSHOW FIELDS FROM `assets`[0m
  [4;35;1mSQL (0.6ms)[0m   [0mSHOW COLUMNS FROM `assets` LIKE 'filename'[0m
  [4;36;1mSQL (6.0ms)[0m   [0;1mALTER TABLE `assets` CHANGE `filename` `attachment_file_name` varchar(255) DEFAULT NULL[0m
  [4;35;1mSQL (1.4ms)[0m   [0mSHOW FIELDS FROM `assets`[0m
  [4;36;1mSQL (0.5ms)[0m   [0;1mSHOW COLUMNS FROM `assets` LIKE 'content_type'[0m
  [4;35;1mSQL (7.2ms)[0m   [0mALTER TABLE `assets` CHANGE `content_type` `attachment_content_type` varchar(255) DEFAULT NULL[0m
  [4;36;1mSQL (1.2ms)[0m   [0;1mSHOW FIELDS FROM `assets`[0m
  [4;35;1mSQL (0.7ms)[0m   [0mSHOW COLUMNS FROM `assets` LIKE 'size'[0m
  [4;36;1mSQL (33.0ms)[0m   [0;1mALTER TABLE `assets` CHANGE `size` `attachment_size` int(11) DEFAULT NULL[0m
  [4;35;1mSQL (86.6ms)[0m   [0mALTER TABLE `assets` ADD `attachment_updated_at` datetime[0m
  [4;36;1mSQL (0.4ms)[0m   [0;1mINSERT INTO schema_migrations (version) VALUES ('20081018125019')[0m
Migrating to AddProductDimensions (20081023134446)
  [4;35;1mSQL (17.5ms)[0m   [0mALTER TABLE `variants` ADD `weight` decimal(8,2)[0m
  [4;36;1mSQL (21.8ms)[0m   [0;1mALTER TABLE `variants` ADD `height` decimal(8,2)[0m
  [4;35;1mSQL (15.5ms)[0m   [0mALTER TABLE `variants` ADD `width` decimal(8,2)[0m
  [4;36;1mSQL (13.7ms)[0m   [0;1mALTER TABLE `variants` ADD `depth` decimal(8,2)[0m
  [4;35;1mSQL (0.2ms)[0m   [0mINSERT INTO schema_migrations (version) VALUES ('20081023134446')[0m
Migrating to AddPermalinkToTaxons (20081120184215)
  [4;36;1mSQL (33.9ms)[0m   [0;1mALTER TABLE `taxons` ADD `permalink` varchar(255)[0m
  [4;35;1mProduct Columns (2.3ms)[0m   [0mSHOW FIELDS FROM `products`[0m
  [4;36;1mSQL (0.7ms)[0m   [0;1mSHOW TABLES[0m
  [4;35;1mProperty Columns (1.6ms)[0m   [0mSHOW FIELDS FROM `properties`[0m
  [4;36;1mProperty Load (0.6ms)[0m   [0;1mSELECT * FROM `properties` WHERE (`properties`.`name` = 'brand') LIMIT 1[0m
  [4;35;1mSQL (0.4ms)[0m   [0mSHOW TABLES[0m
  [4;36;1mTaxon Load (0.4ms)[0m   [0;1mSELECT * FROM `taxons` [0m
  [4;35;1mSQL (0.3ms)[0m   [0mINSERT INTO schema_migrations (version) VALUES ('20081120184215')[0m
Migrating to AdditionalPaperclipRefactor (20081121192045)
  [4;36;1mSQL (33.2ms)[0m   [0;1mALTER TABLE `assets` DROP `parent_id`[0m
  [4;35;1mSQL (0.2ms)[0m   [0mDELETE FROM assets WHERE viewable_id IS NULL[0m
  [4;36;1mSQL (0.2ms)[0m   [0;1mUPDATE assets SET type = 'Image' WHERE type IS NULL[0m
  [4;35;1mImage Columns (1.8ms)[0m   [0mSHOW FIELDS FROM `assets`[0m
  [4;36;1mImage Load (0.5ms)[0m   [0;1mSELECT * FROM `assets` WHERE ( (`assets`.`type` = 'Image' ) ) [0m
  [4;35;1mSQL (0.3ms)[0m   [0mINSERT INTO schema_migrations (version) VALUES ('20081121192045')[0m
Migrating to AddShippedAtProperty (20081205155619)
  [4;36;1mSQL (6.2ms)[0m   [0;1mALTER TABLE `shipments` ADD `number` varchar(255)[0m
  [4;35;1mSQL (7.4ms)[0m   [0mALTER TABLE `shipments` ADD `cost` decimal(8,2)[0m
  [4;36;1mSQL (6.1ms)[0m   [0;1mALTER TABLE `shipments` ADD `shipped_at` datetime[0m
  [4;35;1mSQL (0.3ms)[0m   [0mINSERT INTO schema_migrations (version) VALUES ('20081205155619')[0m
Migrating to CreateCreditcards (20081208143817)
  [4;36;1mSQL (0.6ms)[0m   [0;1mSHOW TABLES[0m
  [4;35;1mSQL (3.4ms)[0m   [0mCREATE TABLE `creditcards` (`id` int(11) DEFAULT NULL auto_increment PRIMARY KEY, `order_id` int(11), `number` varchar(255), `month` varchar(255), `year` varchar(255), `verification_value` varchar(255), `cc_type` varchar(255), `display_number` varchar(255), `first_name` varchar(255), `last_name` varchar(255), `created_at` datetime, `updated_at` datetime) ENGINE=InnoDB[0m
  [4;36;1mSQL (0.1ms)[0m   [0;1mINSERT INTO schema_migrations (version) VALUES ('20081208143817')[0m
Migrating to CreatePaymentsTable (20081208150007)
  [4;35;1mSQL (0.8ms)[0m   [0mRENAME TABLE `creditcard_payments` TO `payments`[0m
  [4;36;1mSQL (6.5ms)[0m   [0;1mALTER TABLE `payments` ADD `amount` decimal(8,2) DEFAULT 0.0 NOT NULL[0m
  [4;35;1mSQL (17.1ms)[0m   [0mALTER TABLE `payments` ADD `creditcard_id` int(11)[0m
  [4;36;1mSQL (39.5ms)[0m   [0;1mALTER TABLE `payments` ADD `type` varchar(255)[0m
  [4;35;1mSQL (0.2ms)[0m   [0mUPDATE payments SET type = 'CreditcardPayment'[0m
  [4;36;1mPayment Load (0.3ms)[0m   [0;1mSELECT * FROM `payments` [0m
  [4;35;1mSQL (21.7ms)[0m   [0mALTER TABLE `payments` DROP `cc_type`[0m
  [4;36;1mSQL (10.0ms)[0m   [0;1mALTER TABLE `payments` DROP `display_number`[0m
  [4;35;1mSQL (10.9ms)[0m   [0mALTER TABLE `payments` DROP `first_name`[0m
  [4;36;1mSQL (24.3ms)[0m   [0;1mALTER TABLE `payments` DROP `last_name`[0m
  [4;35;1mSQL (38.1ms)[0m   [0mALTER TABLE `payments` DROP `number`[0m
  [4;36;1mSQL (19.1ms)[0m   [0;1mALTER TABLE `payments` DROP `month`[0m
  [4;35;1mSQL (5.4ms)[0m   [0mALTER TABLE `payments` DROP `year`[0m
  [4;36;1mSQL (0.2ms)[0m   [0;1mINSERT INTO schema_migrations (version) VALUES ('20081208150007')[0m
Migrating to AddDeletedAtToProducts (20081209103127)
  [4;35;1mSQL (40.8ms)[0m   [0mALTER TABLE `products` ADD `deleted_at` datetime[0m
  [4;36;1mSQL (14.8ms)[0m   [0;1mALTER TABLE `variants` ADD `deleted_at` datetime[0m
  [4;35;1mSQL (14.4ms)[0m   [0mINSERT INTO schema_migrations (version) VALUES ('20081209103127')[0m
Migrating to ConvertCredticardNumberToText (20081212015915)
  [4;36;1mSQL (1.7ms)[0m   [0;1mSHOW FIELDS FROM `creditcards`[0m
  [4;35;1mSQL (14.9ms)[0m   [0mALTER TABLE `creditcards` CHANGE `number` `number` text DEFAULT NULL[0m
  [4;36;1mSQL (1.6ms)[0m   [0;1mSHOW FIELDS FROM `creditcards`[0m
  [4;35;1mSQL (26.4ms)[0m   [0mALTER TABLE `creditcards` CHANGE `verification_value` `verification_value` text DEFAULT NULL[0m
  [4;36;1mSQL (0.2ms)[0m   [0;1mINSERT INTO schema_migrations (version) VALUES ('20081212015915')[0m
Migrating to CreateIndexes (20081219091142)
  [4;35;1mSQL (56.6ms)[0m   [0mDROP INDEX `index_products_on_permalink_and_available_on` ON products[0m
  [4;36;1mSQL (19.6ms)[0m   [0;1mCREATE INDEX `index_products_on_name` ON `products` (`name`)[0m
  [4;35;1mSQL (78.0ms)[0m   [0mCREATE INDEX `index_products_on_deleted_at` ON `products` (`deleted_at`)[0m
  [4;36;1mSQL (15.6ms)[0m   [0;1mCREATE INDEX `index_variants_on_product_id` ON `variants` (`product_id`)[0m
  [4;35;1mSQL (5.7ms)[0m   [0mCREATE INDEX `index_option_values_variants_on_variant_id` ON `option_values_variants` (`variant_id`)[0m
  [4;36;1mSQL (40.3ms)[0m   [0;1mCREATE INDEX `index_products_taxons_on_product_id` ON `products_taxons` (`product_id`)[0m
  [4;35;1mSQL (6.5ms)[0m   [0mCREATE INDEX `index_products_taxons_on_taxon_id` ON `products_taxons` (`taxon_id`)[0m
  [4;36;1mSQL (0.2ms)[0m   [0;1mINSERT INTO schema_migrations (version) VALUES ('20081219091142')[0m
Migrating to CreateShippingAddresses (20081221201510)
  [4;35;1mAddress Load (0.7ms)[0m   [0mSELECT * FROM `addresses` WHERE (addressable_type = 'Order') [0m
  [4;36;1mSQL (0.2ms)[0m   [0;1mINSERT INTO schema_migrations (version) VALUES ('20081221201510')[0m
Migrating to AddPreviousStateToEvents (20090105152846)
  [4;35;1mSQL (15.0ms)[0m   [0mALTER TABLE `state_events` ADD `previous_state` varchar(255)[0m
  [4;36;1mSQL (0.2ms)[0m   [0;1mINSERT INTO schema_migrations (version) VALUES ('20090105152846')[0m
Migrating to AddOrderPermalink (20090204200045)
  [4;35;1mSQL (56.8ms)[0m   [0mCREATE INDEX `index_orders_on_number` ON `orders` (`number`)[0m
  [4;36;1mOrder Load (0.3ms)[0m   [0;1mSELECT * FROM `orders` [0m
  [4;35;1mSQL (0.2ms)[0m   [0mINSERT INTO schema_migrations (version) VALUES ('20090204200045')[0m
Migrating to AddMoreNeededKeysItemsAndConf (20090225231119)
  [4;36;1mSQL (28.4ms)[0m   [0;1mCREATE INDEX `index_line_items_on_order_id` ON `line_items` (`order_id`)[0m
  [4;35;1mSQL (56.6ms)[0m   [0mCREATE INDEX `index_line_items_on_variant_id` ON `line_items` (`variant_id`)[0m
  [4;36;1mSQL (37.9ms)[0m   [0;1mCREATE INDEX `index_configurations_on_name_and_type` ON `configurations` (`name`, `type`)[0m
  [4;35;1mSQL (34.7ms)[0m   [0mCREATE INDEX `index_creditcards_on_order_id` ON `creditcards` (`order_id`)[0m
  [4;36;1mSQL (46.4ms)[0m   [0;1mCREATE INDEX `index_orders_on_checkout_complete` ON `orders` (`checkout_complete`)[0m
  [4;35;1mSQL (0.2ms)[0m   [0mINSERT INTO schema_migrations (version) VALUES ('20090225231119')[0m
Migrating to GiveAllUsersUserRole (20090302221152)
  [4;36;1mRole Columns (1.6ms)[0m   [0;1mSHOW FIELDS FROM `roles`[0m
  [4;35;1mRole Load (0.3ms)[0m   [0mSELECT * FROM `roles` WHERE (`roles`.`name` = 'user') LIMIT 1[0m
  [4;36;1mUser Columns (1.0ms)[0m   [0;1mSHOW FIELDS FROM `users`[0m
  [4;35;1mUser Load (0.4ms)[0m   [0mSELECT * FROM `users` [0m
  [4;36;1mSQL (0.3ms)[0m   [0;1mINSERT INTO schema_migrations (version) VALUES ('20090302221152')[0m
Migrating to AuthlogicChanges (20090320113300)
  [4;35;1mSQL (8.3ms)[0m   [0mALTER TABLE `users` ADD `persistence_token` varchar(255)[0m
  [4;36;1mSQL (6.9ms)[0m   [0;1mALTER TABLE `users` ADD `single_access_token` varchar(255)[0m
  [4;35;1mSQL (5.2ms)[0m   [0mALTER TABLE `users` ADD `perishable_token` varchar(255)[0m
  [4;36;1mSQL (19.6ms)[0m   [0;1mALTER TABLE `users` ADD `login_count` int(11) DEFAULT 0 NOT NULL[0m
  [4;35;1mSQL (6.8ms)[0m   [0mALTER TABLE `users` ADD `failed_login_count` int(11) DEFAULT 0 NOT NULL[0m
  [4;36;1mSQL (7.4ms)[0m   [0;1mALTER TABLE `users` ADD `last_request_at` datetime[0m
  [4;35;1mSQL (29.2ms)[0m   [0mALTER TABLE `users` ADD `current_login_at` datetime[0m
  [4;36;1mSQL (5.3ms)[0m   [0;1mALTER TABLE `users` ADD `last_login_at` datetime[0m
  [4;35;1mSQL (5.1ms)[0m   [0mALTER TABLE `users` ADD `current_login_ip` varchar(255)[0m
  [4;36;1mSQL (28.2ms)[0m   [0;1mALTER TABLE `users` ADD `last_login_ip` varchar(255)[0m
  [4;35;1mSQL (2.1ms)[0m   [0mSHOW FIELDS FROM `users`[0m
  [4;36;1mSQL (32.6ms)[0m   [0;1mALTER TABLE `users` CHANGE `crypted_password` `crypted_password` varchar(128) DEFAULT '' NOT NULL[0m
  [4;35;1mSQL (1.8ms)[0m   [0mSHOW FIELDS FROM `users`[0m
  [4;36;1mSQL (7.2ms)[0m   [0;1mALTER TABLE `users` CHANGE `salt` `salt` varchar(128) DEFAULT '' NOT NULL[0m
  [4;35;1mSQL (0.2ms)[0m   [0mINSERT INTO schema_migrations (version) VALUES ('20090320113300')[0m
Migrating to CreateOptionTypesPrototypes (20090324164010)
  [4;36;1mSQL (2.6ms)[0m   [0;1mCREATE TABLE `option_types_prototypes` (`prototype_id` int(11), `option_type_id` int(11)) ENGINE=InnoDB[0m
  [4;35;1mSQL (0.2ms)[0m   [0mINSERT INTO schema_migrations (version) VALUES ('20090324164010')[0m
Migrating to MetaDataFieldsForProducts (20090401120636)
  [4;36;1mSQL (12.3ms)[0m   [0;1mALTER TABLE `products` ADD `meta_description` varchar(255)[0m
  [4;35;1mSQL (33.2ms)[0m   [0mALTER TABLE `products` ADD `meta_keywords` varchar(255)[0m
  [4;36;1mSQL (0.2ms)[0m   [0;1mINSERT INTO schema_migrations (version) VALUES ('20090401120636')[0m
Migrating to RemoveHmpStuffInZones (20090401203712)
  [4;35;1mSQL (1.7ms)[0m   [0mSHOW FIELDS FROM `zone_members`[0m
  [4;36;1mSQL (0.6ms)[0m   [0;1mSHOW COLUMNS FROM `zone_members` LIKE 'parent_id'[0m
  [4;35;1mSQL (7.5ms)[0m   [0mALTER TABLE `zone_members` CHANGE `parent_id` `zone_id` int(11) DEFAULT NULL[0m
  [4;36;1mSQL (1.5ms)[0m   [0;1mSHOW FIELDS FROM `zone_members`[0m
  [4;35;1mSQL (0.5ms)[0m   [0mSHOW COLUMNS FROM `zone_members` LIKE 'member_id'[0m
  [4;36;1mSQL (5.9ms)[0m   [0;1mALTER TABLE `zone_members` CHANGE `member_id` `zoneable_id` int(11) DEFAULT NULL[0m
  [4;35;1mSQL (1.2ms)[0m   [0mSHOW FIELDS FROM `zone_members`[0m
  [4;36;1mSQL (0.6ms)[0m   [0;1mSHOW COLUMNS FROM `zone_members` LIKE 'member_type'[0m
  [4;35;1mSQL (5.7ms)[0m   [0mALTER TABLE `zone_members` CHANGE `member_type` `zoneable_type` varchar(255) DEFAULT NULL[0m
  [4;36;1mSQL (0.2ms)[0m   [0;1mINSERT INTO schema_migrations (version) VALUES ('20090401203712')[0m
Migrating to CreateEuVatZoneAgain (20090401223217)
  [4;35;1mSQL (0.2ms)[0m   [0mINSERT INTO schema_migrations (version) VALUES ('20090401223217')[0m
Migrating to AddUserLogin (20090402002244)
  [4;36;1mSQL (8.1ms)[0m   [0;1mALTER TABLE `users` ADD `login` varchar(255)[0m
  [4;35;1mSQL (0.2ms)[0m   [0mUPDATE users SET login = email[0m
  [4;36;1mSQL (0.2ms)[0m   [0;1mINSERT INTO schema_migrations (version) VALUES ('20090402002244')[0m
Migrating to AddOrderToken (20090402161055)
  [4;35;1mSQL (7.9ms)[0m   [0mALTER TABLE `orders` ADD `token` varchar(255)[0m
  [4;36;1mSQL (0.2ms)[0m   [0;1mINSERT INTO schema_migrations (version) VALUES ('20090402161055')[0m
Migrating to AddEmailToOrder (20090402200317)
  [4;35;1mSQL (26.8ms)[0m   [0mALTER TABLE `orders` ADD `email` varchar(255)[0m
  [4;36;1mOrder Load (0.4ms)[0m   [0;1mSELECT * FROM `orders` WHERE (checkout_complete IS NOT NULL) [0m
  [4;35;1mSQL (0.7ms)[0m   [0mINSERT INTO schema_migrations (version) VALUES ('20090402200317')[0m
Migrating to AddMaestroFields (20090404192723)
  [4;36;1mSQL (24.2ms)[0m   [0;1mALTER TABLE `creditcards` ADD `start_month` varchar(255)[0m
  [4;35;1mSQL (6.5ms)[0m   [0mALTER TABLE `creditcards` ADD `start_year` varchar(255)[0m
  [4;36;1mSQL (39.4ms)[0m   [0;1mALTER TABLE `creditcards` ADD `issue_number` varchar(255)[0m
  [4;35;1mSQL (0.2ms)[0m   [0mINSERT INTO schema_migrations (version) VALUES ('20090404192723')[0m
Migrating to AddAlternativePhone (20090406091357)
  [4;36;1mSQL (13.5ms)[0m   [0;1mALTER TABLE `addresses` ADD `alternative_phone` varchar(255)[0m
  [4;35;1mSQL (0.2ms)[0m   [0mINSERT INTO schema_migrations (version) VALUES ('20090406091357')[0m
Migrating to RefactorAddresses (20090406174645)
  [4;36;1mSQL (17.0ms)[0m   [0;1mALTER TABLE `orders` ADD `bill_address_id` int(11)[0m
  [4;35;1mSQL (48.2ms)[0m   [0mALTER TABLE `orders` ADD `ship_address_id` int(11)[0m
  [4;36;1mSQL (21.8ms)[0m   [0;1mALTER TABLE `shipments` ADD `address_id` int(11)[0m
  [4;35;1mSQL (5.9ms)[0m   [0mALTER TABLE `creditcards` ADD `address_id` int(11)[0m
  [4;36;1mAddress Load (0.4ms)[0m   [0;1mSELECT * FROM `addresses` WHERE (addresses.id >= 0) ORDER BY addresses.id ASC LIMIT 1000[0m
  [4;35;1mSQL (14.3ms)[0m   [0mALTER TABLE `addresses` DROP `addressable_id`[0m
  [4;36;1mSQL (5.5ms)[0m   [0;1mALTER TABLE `addresses` DROP `addressable_type`[0m
  [4;35;1mSQL (0.2ms)[0m   [0mINSERT INTO schema_migrations (version) VALUES ('20090406174645')[0m
Migrating to RemoveViewableIdFromProducts (20090420021303)
  [4;36;1mSQL (31.6ms)[0m   [0;1mALTER TABLE `products` DROP `viewable_id`[0m
  [4;35;1mSQL (0.2ms)[0m   [0mINSERT INTO schema_migrations (version) VALUES ('20090420021303')[0m
Migrating to UpgradeTaxons (20090427000000)
  [4;36;1mTaxonomy Load (0.3ms)[0m   [0;1mSELECT * FROM `taxonomies` [0m
  [4;35;1mSQL (0.2ms)[0m   [0mINSERT INTO schema_migrations (version) VALUES ('20090427000000')[0m
Migrating to RemoveAddressOrphans (20090525000325)
  [4;36;1mAddress Load (0.2ms)[0m   [0;1mSELECT * FROM `addresses` [0m
  [4;35;1mSQL (0.2ms)[0m   [0mINSERT INTO schema_migrations (version) VALUES ('20090525000325')[0m
Migrating to CreateCheckouts (20090603153927)
  [4;36;1mSQL (18.2ms)[0m   [0;1mCREATE TABLE `checkouts` (`id` int(11) DEFAULT NULL auto_increment PRIMARY KEY, `order_id` int(11), `shipping_method_id` int(11), `email` varchar(255), `ip_address` varchar(255), `special_instructions` text, `bill_address_id` int(11), `ship_address_id` int(11), `completed_at` datetime, `created_at` datetime, `updated_at` datetime) ENGINE=InnoDB[0m
  [4;35;1mSQL (32.5ms)[0m   [0mALTER TABLE `creditcards` ADD `checkout_id` int(11)[0m
  [4;36;1mOrder Load (0.3ms)[0m   [0;1mSELECT * FROM `orders` [0m
  [4;35;1mSQL (24.9ms)[0m   [0mALTER TABLE `orders` DROP `special_instructions`[0m
  [4;36;1mSQL (25.5ms)[0m   [0;1mALTER TABLE `orders` DROP `bill_address_id`[0m
  [4;35;1mSQL (43.4ms)[0m   [0mALTER TABLE `orders` DROP `ship_address_id`[0m
  [4;36;1mSQL (22.5ms)[0m   [0;1mALTER TABLE `orders` DROP `email`[0m
  [4;35;1mSQL (26.0ms)[0m   [0mALTER TABLE `orders` DROP `ip_address`[0m
  [4;36;1mSQL (34.8ms)[0m   [0;1mALTER TABLE `orders` DROP `checkout_complete`[0m
  [4;35;1mSQL (35.7ms)[0m   [0mALTER TABLE `creditcards` DROP `order_id`[0m
  [4;36;1mSQL (0.2ms)[0m   [0;1mINSERT INTO schema_migrations (version) VALUES ('20090603153927')[0m
Migrating to ChangeTxnTypeToInt (20090617181106)
  [4;35;1mSQL (1.7ms)[0m   [0mSHOW FIELDS FROM `creditcard_txns`[0m
  [4;36;1mSQL (6.7ms)[0m   [0;1mALTER TABLE `creditcard_txns` CHANGE `txn_type` `txn_type` int(11) DEFAULT NULL[0m
  [4;35;1mSQL (0.6ms)[0m   [0mINSERT INTO schema_migrations (version) VALUES ('20090617181106')[0m
Migrating to CreateCharges (20090618203233)
  [4;36;1mSQL (10.5ms)[0m   [0;1mCREATE TABLE `charges` (`id` int(11) DEFAULT NULL auto_increment PRIMARY KEY, `order_id` int(11), `type` varchar(255), `amount` decimal(8,2) DEFAULT 0.0 NOT NULL, `description` varchar(255), `position` int(11), `created_at` datetime, `updated_at` datetime) ENGINE=InnoDB[0m
  [4;35;1mSQL (7.3ms)[0m   [0mALTER TABLE `orders` ADD `charge_total` decimal(8,2) DEFAULT 0.0 NOT NULL[0m
  [4;36;1mOrder Load (0.2ms)[0m   [0;1mSELECT * FROM `orders` [0m
  [4;35;1mSQL (7.1ms)[0m   [0mALTER TABLE `orders` DROP `ship_amount`[0m
  [4;36;1mSQL (32.1ms)[0m   [0;1mALTER TABLE `orders` DROP `tax_amount`[0m
  [4;35;1mSQL (0.2ms)[0m   [0mINSERT INTO schema_migrations (version) VALUES ('20090618203233')[0m
Migrating to CreateCredits (20090626235303)
  [4;36;1mSQL (3.0ms)[0m   [0;1mCREATE TABLE `credits` (`id` int(11) DEFAULT NULL auto_increment PRIMARY KEY, `order_id` int(11), `amount` decimal(8,2) DEFAULT 0.0 NOT NULL, `description` varchar(255), `position` int(11), `creditable_id` int(11), `creditable_type` varchar(255), `created_at` datetime, `updated_at` datetime) ENGINE=InnoDB[0m
  [4;35;1mSQL (6.1ms)[0m   [0mALTER TABLE `orders` ADD `credit_total` decimal(8,2) DEFAULT 0.0 NOT NULL[0m
  [4;36;1mSQL (0.2ms)[0m   [0;1mINSERT INTO schema_migrations (version) VALUES ('20090626235303')[0m
Migrating to AddImageDimensions (20090705101511)
  [4;35;1mSQL (28.0ms)[0m   [0mALTER TABLE `assets` ADD `attachment_width` int(11)[0m
  [4;36;1mSQL (34.4ms)[0m   [0;1mALTER TABLE `assets` ADD `attachment_height` int(11)[0m
  [4;35;1mSQL (0.2ms)[0m   [0mINSERT INTO schema_migrations (version) VALUES ('20090705101511')[0m
Migrating to CreateCoupons (20090708175306)
  [4;36;1mSQL (12.9ms)[0m   [0;1mCREATE TABLE `coupons` (`id` int(11) DEFAULT NULL auto_increment PRIMARY KEY, `code` varchar(255), `description` varchar(255), `usage_limit` int(11), `combine` tinyint(1), `expires_at` datetime, `created_at` datetime, `updated_at` datetime) ENGINE=InnoDB[0m
  [4;35;1mSQL (0.2ms)[0m   [0mINSERT INTO schema_migrations (version) VALUES ('20090708175306')[0m
Migrating to CreateDiscounts (20090708175317)
  [4;36;1mSQL (4.8ms)[0m   [0;1mCREATE TABLE `discounts` (`id` int(11) DEFAULT NULL auto_increment PRIMARY KEY, `checkout_id` int(11), `coupon_id` int(11), `amount` decimal(8,2) DEFAULT 0.0 NOT NULL, `created_at` datetime, `updated_at` datetime) ENGINE=InnoDB[0m
  [4;35;1mSQL (0.1ms)[0m   [0mINSERT INTO schema_migrations (version) VALUES ('20090708175317')[0m
Migrating to AddDefaultAddressesToUser (20090714094201)
  [4;36;1mSQL (20.1ms)[0m   [0;1mALTER TABLE `users` ADD `ship_address_id` int(11)[0m
  [4;35;1mSQL (24.2ms)[0m   [0mALTER TABLE `users` ADD `bill_address_id` int(11)[0m
  [4;36;1mSQL (0.2ms)[0m   [0;1mINSERT INTO schema_migrations (version) VALUES ('20090714094201')[0m
Migrating to CreateCalculators (20090715172345)
  [4;35;1mSQL (3.2ms)[0m   [0mCREATE TABLE `calculators` (`id` int(11) DEFAULT NULL auto_increment PRIMARY KEY, `type` varchar(255), `calculable_id` int(11) NOT NULL, `calculable_type` varchar(255) NOT NULL, `created_at` datetime, `updated_at` datetime) ENGINE=InnoDB[0m
  [4;36;1mSQL (6.4ms)[0m   [0;1mALTER TABLE `shipping_methods` DROP `shipping_calculator`[0m
  [4;35;1mShippingMethod Load (0.3ms)[0m   [0mSELECT * FROM `shipping_methods` [0m
  [4;36;1mSQL (0.2ms)[0m   [0;1mINSERT INTO schema_migrations (version) VALUES ('20090715172345')[0m
Migrating to AddChargeSourceToCharge (20090731085008)
  [4;35;1mSQL (31.1ms)[0m   [0mALTER TABLE `charges` ADD `charge_source_id` int(11)[0m
  [4;36;1mSQL (26.2ms)[0m   [0;1mALTER TABLE `charges` ADD `charge_source_type` varchar(255)[0m
  [4;35;1mSQL (0.3ms)[0m   [0mINSERT INTO schema_migrations (version) VALUES ('20090731085008')[0m
Migrating to CreateShippingRates (20090803072025)
  [4;36;1mSQL (29.5ms)[0m   [0;1mCREATE TABLE `shipping_rates` (`id` int(11) DEFAULT NULL auto_increment PRIMARY KEY, `shipping_category_id` int(11), `shipping_method_id` int(11)) ENGINE=InnoDB[0m
  [4;35;1mSQL (0.2ms)[0m   [0mINSERT INTO schema_migrations (version) VALUES ('20090803072025')[0m
Migrating to CreateCalculatorsForTaxRates (20090804090559)
  [4;36;1mTaxRate Load (0.4ms)[0m   [0;1mSELECT * FROM `tax_rates` [0m
  [4;35;1mSQL (0.3ms)[0m   [0mINSERT INTO schema_migrations (version) VALUES ('20090804090559')[0m
Migrating to DropCreditsAndDiscounts (20090805131937)
  [4;36;1mSQL (3.6ms)[0m   [0;1mDROP TABLE `credits`[0m
  [4;35;1mSQL (1.5ms)[0m   [0mDROP TABLE `discounts`[0m
  [4;36;1mSQL (0.2ms)[0m   [0;1mINSERT INTO schema_migrations (version) VALUES ('20090805131937')[0m
Migrating to RemoveTaxType (20090805185015)
  [4;35;1mSQL (20.6ms)[0m   [0mALTER TABLE `tax_rates` DROP `tax_type`[0m
  [4;36;1mSQL (0.2ms)[0m   [0;1mINSERT INTO schema_migrations (version) VALUES ('20090805185015')[0m
Migrating to RenameChargesToAdjustments (20090806063212)
  [4;35;1mSQL (0.8ms)[0m   [0mRENAME TABLE `charges` TO `adjustments`[0m
  [4;36;1mSQL (39.5ms)[0m   [0;1mALTER TABLE `adjustments` ADD `secondary_type` varchar(255)[0m
  [4;35;1mSQL (0.2ms)[0m   [0mUPDATE adjustments SET secondary_type = type;[0m
  [4;36;1mSQL (0.1ms)[0m   [0;1mUPDATE adjustments SET type='Charge' WHERE type LIKE '%Charge';[0m
  [4;35;1mSQL (1.8ms)[0m   [0mSHOW FIELDS FROM `orders`[0m
  [4;36;1mSQL (0.5ms)[0m   [0;1mSHOW COLUMNS FROM `orders` LIKE 'charge_total'[0m
  [4;35;1mSQL (14.4ms)[0m   [0mALTER TABLE `orders` CHANGE `charge_total` `adjustment_total` decimal(8,2) DEFAULT 0.0 NOT NULL[0m
  [4;36;1mSQL (1.7ms)[0m   [0;1mSHOW FIELDS FROM `adjustments`[0m
  [4;35;1mSQL (0.5ms)[0m   [0mSHOW COLUMNS FROM `adjustments` LIKE 'charge_source_id'[0m
  [4;36;1mSQL (6.2ms)[0m   [0;1mALTER TABLE `adjustments` CHANGE `charge_source_id` `adjustment_base_id` int(11) DEFAULT NULL[0m
  [4;35;1mSQL (1.7ms)[0m   [0mSHOW FIELDS FROM `adjustments`[0m
  [4;36;1mSQL (0.5ms)[0m   [0;1mSHOW COLUMNS FROM `adjustments` LIKE 'charge_source_type'[0m
  [4;35;1mSQL (10.0ms)[0m   [0mALTER TABLE `adjustments` CHANGE `charge_source_type` `adjustment_base_type` varchar(255) DEFAULT NULL[0m
  [4;36;1mSQL (0.3ms)[0m   [0;1mINSERT INTO schema_migrations (version) VALUES ('20090806063212')[0m
Migrating to RenameBaseToSource (20090806160214)
  [4;35;1mSQL (1.6ms)[0m   [0mSHOW FIELDS FROM `adjustments`[0m
  [4;36;1mSQL (0.6ms)[0m   [0;1mSHOW COLUMNS FROM `adjustments` LIKE 'adjustment_base_id'[0m
  [4;35;1mSQL (6.8ms)[0m   [0mALTER TABLE `adjustments` CHANGE `adjustment_base_id` `adjustment_source_id` int(11) DEFAULT NULL[0m
  [4;36;1mSQL (1.6ms)[0m   [0;1mSHOW FIELDS FROM `adjustments`[0m
  [4;35;1mSQL (0.5ms)[0m   [0mSHOW COLUMNS FROM `adjustments` LIKE 'adjustment_base_type'[0m
  [4;36;1mSQL (5.4ms)[0m   [0;1mALTER TABLE `adjustments` CHANGE `adjustment_base_type` `adjustment_source_type` varchar(255) DEFAULT NULL[0m
  [4;35;1mSQL (0.2ms)[0m   [0mINSERT INTO schema_migrations (version) VALUES ('20090806160214')[0m
Migrating to RemoveCheckoutShippingAddressAndMethod (20090809170304)
  [4;36;1mSQL (16.2ms)[0m   [0;1mALTER TABLE `checkouts` DROP `ship_address_id`[0m
  [4;35;1mSQL (35.9ms)[0m   [0mALTER TABLE `checkouts` DROP `shipping_method_id`[0m
  [4;36;1mSQL (0.2ms)[0m   [0;1mINSERT INTO schema_migrations (version) VALUES ('20090809170304')[0m
Migrating to AddIsMasterToVariants (20090809193131)
  [4;35;1mSQL (6.5ms)[0m   [0mALTER TABLE `variants` ADD `is_master` tinyint(1) DEFAULT 0[0m
  [4;36;1mProduct Load (0.3ms)[0m   [0;1mSELECT * FROM `products` [0m
  [4;35;1mSQL (0.3ms)[0m   [0mINSERT INTO schema_migrations (version) VALUES ('20090809193131')[0m
Migrating to DropMasterPriceFromProducts (20090809201209)
  [4;36;1mSQL (31.1ms)[0m   [0;1mALTER TABLE `products` DROP `master_price`[0m
  [4;35;1mSQL (0.2ms)[0m   [0mINSERT INTO schema_migrations (version) VALUES ('20090809201209')[0m
Migrating to UpdateLegacyCalculators (20090809231957)
  [4;36;1mSQL (0.2ms)[0m   [0;1mUPDATE calculators SET type = 'Calculator::FlatRate' WHERE type = 'FlatRateShippingCalculator'[0m
  [4;35;1mSQL (0.1ms)[0m   [0mUPDATE calculators SET type = 'Calculator::FlatRate' WHERE type = 'FlatRateCouponCalculator'[0m
  [4;36;1mSQL (0.2ms)[0m   [0;1mINSERT INTO schema_migrations (version) VALUES ('20090809231957')[0m
Migrating to CouponStartsAt (20090823005402)
  [4;35;1mSQL (5.8ms)[0m   [0mALTER TABLE `coupons` ADD `starts_at` datetime[0m
  [4;36;1mSQL (0.2ms)[0m   [0;1mINSERT INTO schema_migrations (version) VALUES ('20090823005402')[0m
Migrating to AddQueuedMail (20090828114732)
  [4;35;1mSQL (23.7ms)[0m   [0mCREATE TABLE `queued_mails` (`id` int(11) DEFAULT NULL auto_increment PRIMARY KEY, `object` text, `mailer` varchar(255)) ENGINE=InnoDB[0m
  [4;36;1mSQL (0.1ms)[0m   [0;1mINSERT INTO schema_migrations (version) VALUES ('20090828114732')[0m
Migrating to AdjustPercentCalcSettings (20090908141056)
  [4;35;1mCalculator::FlatPercentItemTotal Columns (1.5ms)[0m   [0mSHOW FIELDS FROM `calculators`[0m
  [4;36;1mCalculator::FlatPercentItemTotal Load (0.3ms)[0m   [0;1mSELECT * FROM `calculators` WHERE ( (`calculators`.`type` = 'Calculator::FlatPercentItemTotal' ) ) [0m
  [4;35;1mSQL (0.3ms)[0m   [0mINSERT INTO schema_migrations (version) VALUES ('20090908141056')[0m
  [4;36;1mSQL (0.9ms)[0m   [0;1mSHOW TABLES[0m
  [4;35;1mSQL (0.5ms)[0m   [0mSHOW TABLES[0m
  [4;36;1mSQL (0.7ms)[0m   [0;1mSHOW TABLES[0m
  [4;35;1mSQL (0.5ms)[0m   [0mSELECT version FROM schema_migrations[0m
Migrating to CreateGatewayConfigurations (20080620120002)
  [4;36;1mSQL (26.4ms)[0m   [0;1mCREATE TABLE `gateway_configurations` (`id` int(11) DEFAULT NULL auto_increment PRIMARY KEY, `gateway_id` int(11), `created_at` datetime, `updated_at` datetime) ENGINE=InnoDB[0m
  [4;35;1mSQL (7.1ms)[0m   [0mINSERT INTO schema_migrations (version) VALUES ('20080620120002')[0m
Migrating to CreateGateways (20080620120003)
  [4;36;1mSQL (28.0ms)[0m   [0;1mCREATE TABLE `gateways` (`id` int(11) DEFAULT NULL auto_increment PRIMARY KEY, `clazz` varchar(255), `name` varchar(255), `description` text, `active` tinyint(1), `created_at` datetime, `updated_at` datetime) ENGINE=InnoDB[0m
  [4;35;1mSQL (0.2ms)[0m   [0mINSERT INTO schema_migrations (version) VALUES ('20080620120003')[0m
Migrating to CreateGatewayOptions (20080620120004)
  [4;36;1mSQL (19.0ms)[0m   [0;1mCREATE TABLE `gateway_options` (`id` int(11) DEFAULT NULL auto_increment PRIMARY KEY, `name` varchar(255), `description` text, `gateway_id` int(11), `textarea` tinyint(1) DEFAULT 0, `created_at` datetime, `updated_at` datetime) ENGINE=InnoDB[0m
  [4;35;1mSQL (0.2ms)[0m   [0mINSERT INTO schema_migrations (version) VALUES ('20080620120004')[0m
Migrating to CreateGatewayOptionValues (20080620120005)
  [4;36;1mSQL (18.5ms)[0m   [0;1mCREATE TABLE `gateway_option_values` (`id` int(11) DEFAULT NULL auto_increment PRIMARY KEY, `gateway_configuration_id` int(11), `gateway_option_id` int(11), `value` text, `created_at` datetime, `updated_at` datetime) ENGINE=InnoDB[0m
  [4;35;1mSQL (0.1ms)[0m   [0mINSERT INTO schema_migrations (version) VALUES ('20080620120005')[0m
Migrating to CreateBogusGateway (20080620120006)
  [4;36;1mGateway Columns (1.9ms)[0m   [0;1mSHOW FIELDS FROM `gateways`[0m
  [4;35;1mSQL (0.2ms)[0m   [0mBEGIN[0m
  [4;36;1mGateway Create (0.3ms)[0m   [0;1mINSERT INTO `gateways` (`name`, `created_at`, `clazz`, `updated_at`, `description`, `active`) VALUES('Bogus Gateway', '2009-10-20 20:51:12', 'Spree::BogusGateway', '2009-10-20 20:51:12', 'Simple ActiveMerchant compliant gateway that always approves credit \n card purchases. Use credit card number: 4111111111111111, card type: \n visa, and card code: 123.', NULL)[0m
  [4;35;1mSQL (0.2ms)[0m   [0mCOMMIT[0m
  [4;36;1mGatewayConfiguration Columns (1.5ms)[0m   [0;1mSHOW FIELDS FROM `gateway_configurations`[0m
WARNING: Can't mass-assign these protected attributes: id
  [4;35;1mSQL (0.0ms)[0m   [0mBEGIN[0m
  [4;36;1mGatewayConfiguration Create (0.3ms)[0m   [0;1mINSERT INTO `gateway_configurations` (`created_at`, `updated_at`, `gateway_id`) VALUES('2009-10-20 20:51:12', '2009-10-20 20:51:12', 1)[0m
  [4;35;1mSQL (0.1ms)[0m   [0mCOMMIT[0m
  [4;36;1mSQL (0.2ms)[0m   [0;1mINSERT INTO schema_migrations (version) VALUES ('20080620120006')[0m
Migrating to CreateLinkpointGateway (20080620120007)
  [4;35;1mGatewayOption Columns (1.5ms)[0m   [0mSHOW FIELDS FROM `gateway_options`[0m
  [4;36;1mSQL (0.1ms)[0m   [0;1mBEGIN[0m
  [4;35;1mGatewayOption Create (0.3ms)[0m   [0mINSERT INTO `gateway_options` (`name`, `created_at`, `updated_at`, `gateway_id`, `textarea`, `description`) VALUES('login', '2009-10-20 20:51:12', '2009-10-20 20:51:12', NULL, 0, 'Your store number.')[0m
  [4;36;1mSQL (0.1ms)[0m   [0;1mCOMMIT[0m
  [4;35;1mSQL (0.1ms)[0m   [0mBEGIN[0m
  [4;36;1mGatewayOption Create (0.3ms)[0m   [0;1mINSERT INTO `gateway_options` (`name`, `created_at`, `updated_at`, `gateway_id`, `textarea`, `description`) VALUES('pem', '2009-10-20 20:51:12', '2009-10-20 20:51:12', NULL, 1, 'The text of your linkpoint PEM file. Note this is not the \n path to file, but its actual contents.')[0m
  [4;35;1mSQL (0.1ms)[0m   [0mCOMMIT[0m
  [4;36;1mSQL (0.2ms)[0m   [0;1mBEGIN[0m
  [4;35;1mSQL (0.0ms)[0m   [0mCOMMIT[0m
  [4;36;1mSQL (0.0ms)[0m   [0;1mBEGIN[0m
  [4;35;1mGateway Create (0.2ms)[0m   [0mINSERT INTO `gateways` (`name`, `created_at`, `clazz`, `updated_at`, `description`, `active`) VALUES('Linkpoint', '2009-10-20 20:51:12', 'ActiveMerchant::Billing::LinkpointGateway', '2009-10-20 20:51:12', 'Active Merchant\'s Linkpoint Gateway.', NULL)[0m
  [4;36;1mGatewayOption Update (0.3ms)[0m   [0;1mUPDATE `gateway_options` SET `updated_at` = '2009-10-20 20:51:12', `gateway_id` = 2 WHERE `id` = 1[0m
  [4;35;1mGatewayOption Update (0.2ms)[0m   [0mUPDATE `gateway_options` SET `updated_at` = '2009-10-20 20:51:12', `gateway_id` = 2 WHERE `id` = 2[0m
  [4;36;1mSQL (0.1ms)[0m   [0;1mCOMMIT[0m
  [4;35;1mSQL (0.2ms)[0m   [0mINSERT INTO schema_migrations (version) VALUES ('20080620120007')[0m
Migrating to CreatePaypalGateway (20080703120008)
  [4;36;1mSQL (0.2ms)[0m   [0;1mBEGIN[0m
  [4;35;1mGatewayOption Create (0.3ms)[0m   [0mINSERT INTO `gateway_options` (`name`, `created_at`, `updated_at`, `gateway_id`, `textarea`, `description`) VALUES('login', '2009-10-20 20:51:12', '2009-10-20 20:51:12', NULL, 0, 'Your login email.')[0m
  [4;36;1mSQL (0.1ms)[0m   [0;1mCOMMIT[0m
  [4;35;1mSQL (0.0ms)[0m   [0mBEGIN[0m
  [4;36;1mGatewayOption Create (0.2ms)[0m   [0;1mINSERT INTO `gateway_options` (`name`, `created_at`, `updated_at`, `gateway_id`, `textarea`, `description`) VALUES('password', '2009-10-20 20:51:12', '2009-10-20 20:51:12', NULL, 0, 'Your Paypal API Credentials Password.')[0m
  [4;35;1mSQL (0.1ms)[0m   [0mCOMMIT[0m
  [4;36;1mSQL (0.1ms)[0m   [0;1mBEGIN[0m
  [4;35;1mGatewayOption Create (0.3ms)[0m   [0mINSERT INTO `gateway_options` (`name`, `created_at`, `updated_at`, `gateway_id`, `textarea`, `description`) VALUES('signature', '2009-10-20 20:51:12', '2009-10-20 20:51:12', NULL, 1, 'Your Paypal API Credentials signature string.')[0m
  [4;36;1mSQL (0.1ms)[0m   [0;1mCOMMIT[0m
  [4;35;1mSQL (0.0ms)[0m   [0mBEGIN[0m
  [4;36;1mSQL (0.3ms)[0m   [0;1mCOMMIT[0m
  [4;35;1mSQL (0.0ms)[0m   [0mBEGIN[0m
  [4;36;1mGateway Create (0.2ms)[0m   [0;1mINSERT INTO `gateways` (`name`, `created_at`, `clazz`, `updated_at`, `description`, `active`) VALUES('Paypal - Website Payments Pro', '2009-10-20 20:51:12', 'ActiveMerchant::Billing::PaypalGateway', '2009-10-20 20:51:12', 'Active Merchant\'s Paypal Website Payments Pro (US) Gateway.', NULL)[0m
  [4;35;1mGatewayOption Update (0.2ms)[0m   [0mUPDATE `gateway_options` SET `updated_at` = '2009-10-20 20:51:12', `gateway_id` = 3 WHERE `id` = 3[0m
  [4;36;1mGatewayOption Update (0.2ms)[0m   [0;1mUPDATE `gateway_options` SET `updated_at` = '2009-10-20 20:51:12', `gateway_id` = 3 WHERE `id` = 4[0m
  [4;35;1mGatewayOption Update (0.2ms)[0m   [0mUPDATE `gateway_options` SET `updated_at` = '2009-10-20 20:51:12', `gateway_id` = 3 WHERE `id` = 5[0m
  [4;36;1mSQL (1.7ms)[0m   [0;1mCOMMIT[0m
  [4;35;1mSQL (0.1ms)[0m   [0mINSERT INTO schema_migrations (version) VALUES ('20080703120008')[0m
Migrating to CreateAuthorizenetGateway (20081119210419)
  [4;36;1mSQL (0.1ms)[0m   [0;1mBEGIN[0m
  [4;35;1mGatewayOption Create (0.1ms)[0m   [0mINSERT INTO `gateway_options` (`name`, `created_at`, `updated_at`, `gateway_id`, `textarea`, `description`) VALUES('login', '2009-10-20 20:51:12', '2009-10-20 20:51:12', NULL, 0, 'Your Authorize.Net API Login ID')[0m
  [4;36;1mSQL (0.2ms)[0m   [0;1mCOMMIT[0m
  [4;35;1mSQL (0.0ms)[0m   [0mBEGIN[0m
  [4;36;1mGatewayOption Create (0.2ms)[0m   [0;1mINSERT INTO `gateway_options` (`name`, `created_at`, `updated_at`, `gateway_id`, `textarea`, `description`) VALUES('password', '2009-10-20 20:51:12', '2009-10-20 20:51:12', NULL, 0, 'Your Authorize.Net Transaction Key.')[0m
  [4;35;1mSQL (0.1ms)[0m   [0mCOMMIT[0m
  [4;36;1mSQL (0.0ms)[0m   [0;1mBEGIN[0m
  [4;35;1mGatewayOption Create (0.2ms)[0m   [0mINSERT INTO `gateway_options` (`name`, `created_at`, `updated_at`, `gateway_id`, `textarea`, `description`) VALUES('test', '2009-10-20 20:51:12', '2009-10-20 20:51:12', NULL, 0, 'If true, perform transactions against the test server. Otherwise, perform transactions against the production server.')[0m
  [4;36;1mSQL (0.1ms)[0m   [0;1mCOMMIT[0m
  [4;35;1mSQL (0.0ms)[0m   [0mBEGIN[0m
  [4;36;1mSQL (0.2ms)[0m   [0;1mCOMMIT[0m
  [4;35;1mSQL (0.0ms)[0m   [0mBEGIN[0m
  [4;36;1mGateway Create (0.2ms)[0m   [0;1mINSERT INTO `gateways` (`name`, `created_at`, `clazz`, `updated_at`, `description`, `active`) VALUES('Authorize.net', '2009-10-20 20:51:12', 'ActiveMerchant::Billing::AuthorizeNetGateway', '2009-10-20 20:51:12', 'Active Merchant\'s Authorize.Net Gateway.', NULL)[0m
  [4;35;1mGatewayOption Update (0.2ms)[0m   [0mUPDATE `gateway_options` SET `updated_at` = '2009-10-20 20:51:12', `gateway_id` = 4 WHERE `id` = 6[0m
  [4;36;1mGatewayOption Update (0.2ms)[0m   [0;1mUPDATE `gateway_options` SET `updated_at` = '2009-10-20 20:51:12', `gateway_id` = 4 WHERE `id` = 7[0m
  [4;35;1mGatewayOption Update (0.2ms)[0m   [0mUPDATE `gateway_options` SET `updated_at` = '2009-10-20 20:51:12', `gateway_id` = 4 WHERE `id` = 8[0m
  [4;36;1mSQL (0.1ms)[0m   [0;1mCOMMIT[0m
  [4;35;1mSQL (0.1ms)[0m   [0mINSERT INTO schema_migrations (version) VALUES ('20081119210419')[0m
Migrating to RemoveAuthorizenetTest (20081120144549)
  [4;36;1mGateway Load (0.4ms)[0m   [0;1mSELECT * FROM `gateways` WHERE (`gateways`.`name` = 'Authorize.net') LIMIT 1[0m
  [4;35;1mGatewayOption Load (0.6ms)[0m   [0mSELECT * FROM `gateway_options` WHERE (`gateway_options`.`name` = 'test') AND (`gateway_options`.gateway_id = 4) LIMIT 1[0m
  [4;36;1mSQL (0.0ms)[0m   [0;1mBEGIN[0m
  [4;35;1mGatewayOptionValue Load (0.6ms)[0m   [0mSELECT * FROM `gateway_option_values` WHERE (`gateway_option_values`.gateway_option_id = 8) [0m
  [4;36;1mGatewayOption Destroy (0.1ms)[0m   [0;1mDELETE FROM `gateway_options` WHERE `id` = 8[0m
  [4;35;1mSQL (0.1ms)[0m   [0mCOMMIT[0m
  [4;36;1mSQL (0.2ms)[0m   [0;1mINSERT INTO schema_migrations (version) VALUES ('20081120144549')[0m
Migrating to CreateProtxGateway (20090218091936)
  [4;35;1mSQL (0.2ms)[0m   [0mBEGIN[0m
  [4;36;1mGateway Create (0.2ms)[0m   [0;1mINSERT INTO `gateways` (`name`, `created_at`, `clazz`, `updated_at`, `description`, `active`) VALUES('Protx', '2009-10-20 20:51:12', 'ActiveMerchant::Billing::ProtxGateway', '2009-10-20 20:51:12', 'Active Merchant\'s Protx Gateway (IE/UK)', NULL)[0m
  [4;35;1mSQL (0.1ms)[0m   [0mCOMMIT[0m
  [4;36;1mSQL (0.1ms)[0m   [0;1mBEGIN[0m
  [4;35;1mGatewayOption Create (0.2ms)[0m   [0mINSERT INTO `gateway_options` (`name`, `created_at`, `updated_at`, `gateway_id`, `textarea`, `description`) VALUES('login', '2009-10-20 20:51:12', '2009-10-20 20:51:12', 5, 0, 'Your Protx Login')[0m
  [4;36;1mSQL (0.1ms)[0m   [0;1mCOMMIT[0m
  [4;35;1mSQL (0.0ms)[0m   [0mBEGIN[0m
  [4;36;1mGatewayOption Create (0.3ms)[0m   [0;1mINSERT INTO `gateway_options` (`name`, `created_at`, `updated_at`, `gateway_id`, `textarea`, `description`) VALUES('password', '2009-10-20 20:51:12', '2009-10-20 20:51:12', 5, 0, 'Your Protx Password')[0m
  [4;35;1mSQL (0.1ms)[0m   [0mCOMMIT[0m
  [4;36;1mSQL (0.0ms)[0m   [0;1mBEGIN[0m
  [4;35;1mGatewayOption Create (0.2ms)[0m   [0mINSERT INTO `gateway_options` (`name`, `created_at`, `updated_at`, `gateway_id`, `textarea`, `description`) VALUES('account', '2009-10-20 20:51:12', '2009-10-20 20:51:12', 5, 0, 'Protx sub account name (optional)')[0m
  [4;36;1mSQL (0.1ms)[0m   [0;1mCOMMIT[0m
  [4;35;1mSQL (0.1ms)[0m   [0mINSERT INTO schema_migrations (version) VALUES ('20090218091936')[0m
Migrating to AddCurrencyCodeOptionToPaypalGateway (20090517173727)
  [4;36;1mSQL (0.1ms)[0m   [0;1mBEGIN[0m
  [4;35;1mGatewayOption Create (0.1ms)[0m   [0mINSERT INTO `gateway_options` (`name`, `created_at`, `updated_at`, `gateway_id`, `textarea`, `description`) VALUES('currency_code', '2009-10-20 20:51:12', '2009-10-20 20:51:12', NULL, 0, 'The currency you want to use (EUR, USD, refer to paypal doc)')[0m
  [4;36;1mSQL (0.1ms)[0m   [0;1mCOMMIT[0m
  [4;35;1mGateway Load (0.6ms)[0m   [0mSELECT * FROM `gateways` WHERE (name = 'Paypal - Website Payments Pro') LIMIT 1[0m
  [4;36;1mSQL (0.1ms)[0m   [0;1mBEGIN[0m
  [4;35;1mGatewayOption Update (0.3ms)[0m   [0mUPDATE `gateway_options` SET `updated_at` = '2009-10-20 20:51:12', `gateway_id` = 3 WHERE `id` = 12[0m
  [4;36;1mSQL (0.1ms)[0m   [0;1mCOMMIT[0m
  [4;35;1mSQL (0.1ms)[0m   [0mINSERT INTO schema_migrations (version) VALUES ('20090517173727')[0m
  [4;36;1mSQL (0.9ms)[0m   [0;1mSHOW TABLES[0m
  [4;35;1mSQL (0.5ms)[0m   [0mSHOW TABLES[0m
  [4;36;1mSQL (0.7ms)[0m   [0;1mSHOW TABLES[0m
  [4;35;1mSQL (0.5ms)[0m   [0mSHOW TABLES[0m
  [4;36;1mSQL (0.6ms)[0m   [0;1mSHOW TABLES[0m
  [4;35;1mSQL (0.5ms)[0m   [0mSHOW TABLES[0m
  [4;36;1mSQL (0.5ms)[0m   [0;1mSHOW TABLES[0m
  [4;35;1mSQL (0.5ms)[0m   [0mSELECT version FROM schema_migrations[0m
Migrating to CreateGatewayConfigurations (20080620120002)
Migrating to CreateGateways (20080620120003)
Migrating to CreateGatewayOptions (20080620120004)
Migrating to CreateGatewayOptionValues (20080620120005)
Migrating to CreateBogusGateway (20080620120006)
Migrating to CreateLinkpointGateway (20080620120007)
Migrating to CreatePaypalGateway (20080703120008)
Migrating to CreateAuthorizenetGateway (20081119210419)
Migrating to RemoveAuthorizenetTest (20081120144549)
Migrating to CreateProtxGateway (20090218091936)
Migrating to AddCurrencyCodeOptionToPaypalGateway (20090517173727)
INFO: Mirroring assets from /home/qpomo/ruby/gems/gems/spree-0.9.1/vendor/extensions/localization/public to /home/qpomo/tienda/public
INFO: Mirroring assets from /home/qpomo/tienda/vendor/extensions/site/public to /home/qpomo/tienda/public
INFO: Mirroring assets from /home/qpomo/tienda/vendor/extensions/static_content/public to /home/qpomo/tienda/public
INFO: Loading mail preferences
  [4;36;1mSQL (0.1ms)[0m   [0;1mSET SQL_AUTO_IS_NULL=0[0m
  [4;35;1mSQL (0.7ms)[0m   [0mSHOW TABLES[0m
  [4;36;1mAppConfiguration Columns (2.5ms)[0m   [0;1mSHOW FIELDS FROM `configurations`[0m
  [4;35;1mAppConfiguration Load (0.3ms)[0m   [0mSELECT * FROM `configurations` WHERE (`configurations`.`name` = 'Default configuration') AND ( (`configurations`.`type` = 'AppConfiguration' ) ) LIMIT 1[0m
  [4;36;1mSQL (0.0ms)[0m   [0;1mBEGIN[0m
  [4;35;1mAppConfiguration Load (0.6ms)[0m   [0mSELECT `configurations`.id FROM `configurations` WHERE (`configurations`.`name` = BINARY 'Default configuration') AND ( (`configurations`.`type` = 'AppConfiguration' ) ) LIMIT 1[0m
  [4;36;1mAppConfiguration Create (0.1ms)[0m   [0;1mINSERT INTO `configurations` (`name`, `created_at`, `updated_at`, `type`) VALUES('Default configuration', '2009-10-25 20:12:19', '2009-10-25 20:12:19', 'AppConfiguration')[0m
  [4;35;1mSQL (13.1ms)[0m   [0mCOMMIT[0m
  [4;36;1mPreference Load (0.8ms)[0m   [0;1mSELECT * FROM `preferences` WHERE (`preferences`.owner_id = 1 AND `preferences`.owner_type = 'Configuration' AND (`preferences`.`attribute` = 'enable_mail_delivery' AND `preferences`.`group_id` IS NULL AND `preferences`.`group_type` IS NULL)) LIMIT 1[0m
NOTICE: Mail not enabled
  [4;35;1mSQL (0.7ms)[0m   [0mSHOW TABLES[0m
  [4;36;1mSQL (0.6ms)[0m   [0;1mSHOW TABLES[0m
  [4;35;1mSQL (0.5ms)[0m   [0mSHOW TABLES[0m
  [4;36;1mSQL (0.4ms)[0m   [0;1mSHOW TABLES[0m
  [4;35;1mSQL (0.4ms)[0m   [0mSHOW TABLES[0m
  [4;36;1mSQL (0.6ms)[0m   [0;1mSHOW TABLES[0m
  [4;35;1mOrder Columns (2.6ms)[0m   [0mSHOW FIELDS FROM `orders`[0m
INFO: Loading initializer /home/qpomo/tienda/vendor/extensions/site/config/initializers/session_store.rb
INFO: Loading routes from /home/qpomo/ruby/gems/gems/spree-0.9.1/vendor/extensions/localization/config/routes.rb
INFO: Loading routes from /home/qpomo/ruby/gems/gems/spree-0.9.1/vendor/extensions/payment_gateway/config/routes.rb
INFO: Loading routes from /home/qpomo/tienda/vendor/extensions/paypal_express/config/routes.rb
INFO: Loading routes from /home/qpomo/tienda/vendor/extensions/site/config/routes.rb
INFO: Loading routes from /home/qpomo/tienda/vendor/extensions/static_content/config/routes.rb
  [4;36;1mSQL (0.7ms)[0m   [0;1mSHOW TABLES[0m
  [4;35;1mSQL (0.5ms)[0m   [0mSHOW TABLES[0m
  [4;36;1mSQL (0.5ms)[0m   [0;1mSELECT version FROM schema_migrations[0m
Migrating to CreateAddresses (1)
Migrating to CreateCartItems (2)
Migrating to CreateCarts (3)
Migrating to CreateCategories (4)
Migrating to CreateCategoriesProducts (5)
Migrating to CreateLineItems (6)
Migrating to CreateOptionValues (7)
Migrating to CreateOrders (8)
Migrating to CreateProducts (9)
Migrating to CreateTxns (10)
Migrating to CreateVariants (11)
Migrating to CreateTaxTreatments (12)
Migrating to CreateCountries (13)
Migrating to CreateStates (14)
Migrating to CreateOptionTypes (15)
Migrating to CreateProductOptionTypes (16)
Migrating to CreateOptionValuesVariants (17)
Migrating to CreateImages (18)
Migrating to CreateCreditCards (19)
Migrating to CreateOrderOperations (20)
Migrating to CreateInventoryUnits (21)
Migrating to CreateUsers (22)
Migrating to CreateRoles (23)
Migrating to CreateExtensionMeta (24)
Migrating to DropTaxTreatments (25)
Migrating to AddUserToAddress (26)
Migrating to CreateTaxRates (20080620100001)
Migrating to CreateTaxonomies (20080620113300)
Migrating to CreateTaxons (20080620113400)
Migrating to DropExtensionMeta (20080622173128)
Migrating to CreatePrototypes (20080622194800)
Migrating to CreateProperties (20080622194830)
Migrating to CreatePropertiesPrototypes (20080622195000)
Migrating to CreatePropertyValues (20080622195100)
Migrating to CreateZones (20080630003326)
Migrating to CreatePreferences (20080630150630)
Migrating to AddIsoCountryInformation (20080630152702)
Migrating to CreateCountriesZones (20080630154400)
Migrating to CreateZoneMembers (20080630215310)
Migrating to UpdateCountryRenameName (20080703184654)
Migrating to CreateAppConfigurations (20080704181428)
Migrating to AddPermalinkAndPublishedToProducts (20080704190355)
Migrating to UpdateTaxRatesAddZonesEtc (20080704192456)
Migrating to CreateTaxCategories (20080707002329)
Migrating to RemoveLogin (20080708170103)
Migrating to AddOptimisticLockingToCart (20080715014028)
Migrating to ProductsTaxons (20080716155613)
Migrating to RenameTxnTable (20080720190623)
Migrating to DropCategories (20080729213052)
Migrating to RemovePrototypePresentation (20080803010846)
Migrating to CreateProductProperty (20080807214829)
Migrating to RemoveCart (20080815173251)
Migrating to AddCheckoutStateToOrder (20080830173354)
Migrating to AddressRefactor (20080901002711)
Migrating to CreateCreditcardPayments (20080902001408)
Migrating to RefactorOrderState (20080904150723)
Migrating to CreateStateEvents (20080904234457)
Migrating to AddInventoryState (20080905012833)
Migrating to ChangeInventoryStateType (20080906174748)
Migrating to AddStateNameToAddress (20080909100504)
Migrating to RemoveUserAddress (20080915211650)
Migrating to RemovePresentationFromTaxonomy (20080918083321)
Migrating to RenameAppConfiguration (20080918140438)
Migrating to CreateShippingMethods (20081003211336)
Migrating to CreateShippingCategories (20081003233427)
Migrating to CreateShipments (20081015001711)
Migrating to RemoveDefunctOrderFields (20081016002224)
Migrating to DropCategoryIdFromProducts (20081016162924)
Migrating to RefactorImagesForPaperclip (20081018125019)
Migrating to AddProductDimensions (20081023134446)
Migrating to AddPermalinkToTaxons (20081120184215)
Migrating to AdditionalPaperclipRefactor (20081121192045)
Migrating to AddShippedAtProperty (20081205155619)
Migrating to CreateCreditcards (20081208143817)
Migrating to CreatePaymentsTable (20081208150007)
Migrating to AddDeletedAtToProducts (20081209103127)
Migrating to ConvertCredticardNumberToText (20081212015915)
Migrating to CreateIndexes (20081219091142)
Migrating to CreateShippingAddresses (20081221201510)
Migrating to AddPreviousStateToEvents (20090105152846)
Migrating to AddOrderPermalink (20090204200045)
Migrating to AddMoreNeededKeysItemsAndConf (20090225231119)
Migrating to GiveAllUsersUserRole (20090302221152)
Migrating to AuthlogicChanges (20090320113300)
Migrating to CreateOptionTypesPrototypes (20090324164010)
Migrating to MetaDataFieldsForProducts (20090401120636)
Migrating to RemoveHmpStuffInZones (20090401203712)
Migrating to CreateEuVatZoneAgain (20090401223217)
Migrating to AddUserLogin (20090402002244)
Migrating to AddOrderToken (20090402161055)
Migrating to AddEmailToOrder (20090402200317)
Migrating to AddMaestroFields (20090404192723)
Migrating to AddAlternativePhone (20090406091357)
Migrating to RefactorAddresses (20090406174645)
Migrating to RemoveViewableIdFromProducts (20090420021303)
Migrating to UpgradeTaxons (20090427000000)
Migrating to RemoveAddressOrphans (20090525000325)
Migrating to CreateCheckouts (20090603153927)
Migrating to ChangeTxnTypeToInt (20090617181106)
Migrating to CreateCharges (20090618203233)
Migrating to CreateCredits (20090626235303)
Migrating to AddImageDimensions (20090705101511)
Migrating to CreateCoupons (20090708175306)
Migrating to CreateDiscounts (20090708175317)
Migrating to AddDefaultAddressesToUser (20090714094201)
Migrating to CreateCalculators (20090715172345)
Migrating to AddChargeSourceToCharge (20090731085008)
Migrating to CreateShippingRates (20090803072025)
Migrating to CreateCalculatorsForTaxRates (20090804090559)
Migrating to DropCreditsAndDiscounts (20090805131937)
Migrating to RemoveTaxType (20090805185015)
Migrating to RenameChargesToAdjustments (20090806063212)
Migrating to RenameBaseToSource (20090806160214)
Migrating to RemoveCheckoutShippingAddressAndMethod (20090809170304)
Migrating to AddIsMasterToVariants (20090809193131)
Migrating to DropMasterPriceFromProducts (20090809201209)
Migrating to UpdateLegacyCalculators (20090809231957)
Migrating to CouponStartsAt (20090823005402)
Migrating to AddQueuedMail (20090828114732)
Migrating to AdjustPercentCalcSettings (20090908141056)
  [4;35;1mSQL (0.7ms)[0m   [0mSHOW TABLES[0m
  [4;36;1mSQL (0.1ms)[0m   [0;1mSELECT version FROM schema_migrations[0m
Migrating to CreateGatewayConfigurations (20080620120002)
Migrating to CreateGateways (20080620120003)
Migrating to CreateGatewayOptions (20080620120004)
Migrating to CreateGatewayOptionValues (20080620120005)
Migrating to CreateBogusGateway (20080620120006)
Migrating to CreateLinkpointGateway (20080620120007)
Migrating to CreatePaypalGateway (20080703120008)
Migrating to CreateAuthorizenetGateway (20081119210419)
Migrating to RemoveAuthorizenetTest (20081120144549)
Migrating to CreateProtxGateway (20090218091936)
Migrating to AddCurrencyCodeOptionToPaypalGateway (20090517173727)
  [4;35;1mSQL (0.5ms)[0m   [0mSHOW TABLES[0m
  [4;36;1mSQL (0.5ms)[0m   [0;1mSHOW TABLES[0m
  [4;35;1mSQL (0.8ms)[0m   [0mSHOW TABLES[0m
  [4;36;1mSQL (0.1ms)[0m   [0;1mSELECT version FROM schema_migrations[0m
Migrating to CreatePages (20081216193152)
  [4;35;1mSQL (126.3ms)[0m   [0mCREATE TABLE `pages` (`id` int(11) DEFAULT NULL auto_increment PRIMARY KEY, `title` varchar(255), `body` text, `slug` varchar(255), `created_at` datetime, `updated_at` datetime) ENGINE=InnoDB[0m
  [4;36;1mSQL (0.4ms)[0m   [0;1mINSERT INTO schema_migrations (version) VALUES ('20081216193152')[0m
Migrating to ExtendPages (20090625125735)
  [4;35;1mSQL (367.3ms)[0m   [0mALTER TABLE `pages` ADD `show_in_header` tinyint(1) DEFAULT 0 NOT NULL[0m
  [4;36;1mSQL (17.7ms)[0m   [0;1mALTER TABLE `pages` ADD `show_in_footer` tinyint(1) DEFAULT 0 NOT NULL[0m
  [4;35;1mSQL (6.2ms)[0m   [0mALTER TABLE `pages` ADD `foreign_link` varchar(255)[0m
  [4;36;1mSQL (24.3ms)[0m   [0;1mALTER TABLE `pages` ADD `position` int(11) DEFAULT 0 NOT NULL[0m
  [4;35;1mSQL (15.7ms)[0m   [0mINSERT INTO schema_migrations (version) VALUES ('20090625125735')[0m
Migrating to AddVisibleToPages (20090814113100)
  [4;36;1mSQL (7.1ms)[0m   [0;1mALTER TABLE `pages` ADD `visible` tinyint(1)[0m
  [4;35;1mPage Update (0.2ms)[0m   [0mUPDATE `pages` SET `visible` = 1 [0m
  [4;36;1mSQL (0.2ms)[0m   [0;1mINSERT INTO schema_migrations (version) VALUES ('20090814113100')[0m
Migrating to AddDefaultTrueToVisibleForPage (20090814142845)
  [4;35;1mSQL (1.6ms)[0m   [0mSHOW FIELDS FROM `pages`[0m
  [4;36;1mSQL (6.7ms)[0m   [0;1mALTER TABLE `pages` CHANGE `visible` `visible` tinyint(1) DEFAULT 1[0m
  [4;35;1mSQL (0.2ms)[0m   [0mINSERT INTO schema_migrations (version) VALUES ('20090814142845')[0m
Migrating to AddIndexForPage (20090829000527)
  [4;36;1mSQL (36.5ms)[0m   [0;1mCREATE INDEX `index_pages_on_slug` ON `pages` (`slug`)[0m
  [4;35;1mSQL (0.2ms)[0m   [0mINSERT INTO schema_migrations (version) VALUES ('20090829000527')[0m
  [4;36;1mSQL (0.7ms)[0m   [0;1mSHOW TABLES[0m
  [4;35;1mSQL (0.5ms)[0m   [0mSHOW TABLES[0m
  [4;36;1mSQL (0.9ms)[0m   [0;1mSHOW TABLES[0m
  [4;35;1mSQL (0.5ms)[0m   [0mSELECT version FROM schema_migrations[0m
Migrating to CreatePages (20081216193152)
Migrating to ExtendPages (20090625125735)
Migrating to AddVisibleToPages (20090814113100)
Migrating to AddDefaultTrueToVisibleForPage (20090814142845)
Migrating to AddIndexForPage (20090829000527)
  [4;36;1mSQL (0.5ms)[0m   [0;1mSHOW TABLES[0m
  [4;35;1mSQL (0.5ms)[0m   [0mSHOW TABLES[0m
  [4;36;1mSQL (0.5ms)[0m   [0;1mSHOW TABLES[0m
  [4;35;1mSQL (0.1ms)[0m   [0mSELECT version FROM schema_migrations[0m
Migrating to CreateGatewayConfigurations (20080620120002)
Migrating to CreateGateways (20080620120003)
Migrating to CreateGatewayOptions (20080620120004)
Migrating to CreateGatewayOptionValues (20080620120005)
Migrating to CreateBogusGateway (20080620120006)
Migrating to CreateLinkpointGateway (20080620120007)
Migrating to CreatePaypalGateway (20080703120008)
Migrating to CreateAuthorizenetGateway (20081119210419)
Migrating to RemoveAuthorizenetTest (20081120144549)
Migrating to CreateProtxGateway (20090218091936)
Migrating to AddCurrencyCodeOptionToPaypalGateway (20090517173727)
  [4;36;1mSQL (0.5ms)[0m   [0;1mSHOW TABLES[0m
  [4;35;1mSQL (0.5ms)[0m   [0mSHOW TABLES[0m
INFO: Mirroring assets from /home/qpomo/ruby/gems/gems/spree-0.9.1/vendor/extensions/localization/public to /home/qpomo/tienda/public
INFO: Mirroring assets from /home/qpomo/tienda/vendor/extensions/site/public to /home/qpomo/tienda/public
INFO: Mirroring assets from /home/qpomo/tienda/vendor/extensions/static_content/public to /home/qpomo/tienda/public
INFO: Loading mail preferences
  [4;36;1mSQL (0.1ms)[0m   [0;1mSET SQL_AUTO_IS_NULL=0[0m
  [4;35;1mSQL (0.6ms)[0m   [0mSHOW TABLES[0m
  [4;36;1mAppConfiguration Columns (1.6ms)[0m   [0;1mSHOW FIELDS FROM `configurations`[0m
  [4;35;1mAppConfiguration Load (0.5ms)[0m   [0mSELECT * FROM `configurations` WHERE (`configurations`.`name` = 'Default configuration') AND ( (`configurations`.`type` = 'AppConfiguration' ) ) LIMIT 1[0m
  [4;36;1mPreference Load (0.1ms)[0m   [0;1mSELECT * FROM `preferences` WHERE (`preferences`.owner_id = 1 AND `preferences`.owner_type = 'Configuration' AND (`preferences`.`attribute` = 'enable_mail_delivery' AND `preferences`.`group_id` IS NULL AND `preferences`.`group_type` IS NULL)) LIMIT 1[0m
NOTICE: Mail not enabled
  [4;35;1mSQL (0.7ms)[0m   [0mSHOW TABLES[0m
  [4;36;1mSQL (0.7ms)[0m   [0;1mSHOW TABLES[0m
  [4;35;1mSQL (0.5ms)[0m   [0mSHOW TABLES[0m
  [4;36;1mSQL (0.5ms)[0m   [0;1mSHOW TABLES[0m
  [4;35;1mSQL (0.5ms)[0m   [0mSHOW TABLES[0m
  [4;36;1mSQL (0.5ms)[0m   [0;1mSHOW TABLES[0m
  [4;35;1mOrder Columns (1.8ms)[0m   [0mSHOW FIELDS FROM `orders`[0m
INFO: Loading initializer /home/qpomo/tienda/vendor/extensions/site/config/initializers/session_store.rb
INFO: Loading routes from /home/qpomo/ruby/gems/gems/spree-0.9.1/vendor/extensions/localization/config/routes.rb
INFO: Loading routes from /home/qpomo/ruby/gems/gems/spree-0.9.1/vendor/extensions/payment_gateway/config/routes.rb
INFO: Loading routes from /home/qpomo/tienda/vendor/extensions/paypal_express/config/routes.rb
INFO: Loading routes from /home/qpomo/tienda/vendor/extensions/site/config/routes.rb
INFO: Loading routes from /home/qpomo/tienda/vendor/extensions/static_content/config/routes.rb
  [4;36;1mSQL (0.7ms)[0m   [0;1mSHOW TABLES[0m
  [4;35;1mSQL (0.5ms)[0m   [0mSHOW TABLES[0m
  [4;36;1mSQL (0.1ms)[0m   [0;1mSELECT version FROM schema_migrations[0m
Migrating to CreateAddresses (1)
Migrating to CreateCartItems (2)
Migrating to CreateCarts (3)
Migrating to CreateCategories (4)
Migrating to CreateCategoriesProducts (5)
Migrating to CreateLineItems (6)
Migrating to CreateOptionValues (7)
Migrating to CreateOrders (8)
Migrating to CreateProducts (9)
Migrating to CreateTxns (10)
Migrating to CreateVariants (11)
Migrating to CreateTaxTreatments (12)
Migrating to CreateCountries (13)
Migrating to CreateStates (14)
Migrating to CreateOptionTypes (15)
Migrating to CreateProductOptionTypes (16)
Migrating to CreateOptionValuesVariants (17)
Migrating to CreateImages (18)
Migrating to CreateCreditCards (19)
Migrating to CreateOrderOperations (20)
Migrating to CreateInventoryUnits (21)
Migrating to CreateUsers (22)
Migrating to CreateRoles (23)
Migrating to CreateExtensionMeta (24)
Migrating to DropTaxTreatments (25)
Migrating to AddUserToAddress (26)
Migrating to CreateTaxRates (20080620100001)
Migrating to CreateTaxonomies (20080620113300)
Migrating to CreateTaxons (20080620113400)
Migrating to DropExtensionMeta (20080622173128)
Migrating to CreatePrototypes (20080622194800)
Migrating to CreateProperties (20080622194830)
Migrating to CreatePropertiesPrototypes (20080622195000)
Migrating to CreatePropertyValues (20080622195100)
Migrating to CreateZones (20080630003326)
Migrating to CreatePreferences (20080630150630)
Migrating to AddIsoCountryInformation (20080630152702)
Migrating to CreateCountriesZones (20080630154400)
Migrating to CreateZoneMembers (20080630215310)
Migrating to UpdateCountryRenameName (20080703184654)
Migrating to CreateAppConfigurations (20080704181428)
Migrating to AddPermalinkAndPublishedToProducts (20080704190355)
Migrating to UpdateTaxRatesAddZonesEtc (20080704192456)
Migrating to CreateTaxCategories (20080707002329)
Migrating to RemoveLogin (20080708170103)
Migrating to AddOptimisticLockingToCart (20080715014028)
Migrating to ProductsTaxons (20080716155613)
Migrating to RenameTxnTable (20080720190623)
Migrating to DropCategories (20080729213052)
Migrating to RemovePrototypePresentation (20080803010846)
Migrating to CreateProductProperty (20080807214829)
Migrating to RemoveCart (20080815173251)
Migrating to AddCheckoutStateToOrder (20080830173354)
Migrating to AddressRefactor (20080901002711)
Migrating to CreateCreditcardPayments (20080902001408)
Migrating to RefactorOrderState (20080904150723)
Migrating to CreateStateEvents (20080904234457)
Migrating to AddInventoryState (20080905012833)
Migrating to ChangeInventoryStateType (20080906174748)
Migrating to AddStateNameToAddress (20080909100504)
Migrating to RemoveUserAddress (20080915211650)
Migrating to RemovePresentationFromTaxonomy (20080918083321)
Migrating to RenameAppConfiguration (20080918140438)
Migrating to CreateShippingMethods (20081003211336)
Migrating to CreateShippingCategories (20081003233427)
Migrating to CreateShipments (20081015001711)
Migrating to RemoveDefunctOrderFields (20081016002224)
Migrating to DropCategoryIdFromProducts (20081016162924)
Migrating to RefactorImagesForPaperclip (20081018125019)
Migrating to AddProductDimensions (20081023134446)
Migrating to AddPermalinkToTaxons (20081120184215)
Migrating to AdditionalPaperclipRefactor (20081121192045)
Migrating to AddShippedAtProperty (20081205155619)
Migrating to CreateCreditcards (20081208143817)
Migrating to CreatePaymentsTable (20081208150007)
Migrating to AddDeletedAtToProducts (20081209103127)
Migrating to ConvertCredticardNumberToText (20081212015915)
Migrating to CreateIndexes (20081219091142)
Migrating to CreateShippingAddresses (20081221201510)
Migrating to AddPreviousStateToEvents (20090105152846)
Migrating to AddOrderPermalink (20090204200045)
Migrating to AddMoreNeededKeysItemsAndConf (20090225231119)
Migrating to GiveAllUsersUserRole (20090302221152)
Migrating to AuthlogicChanges (20090320113300)
Migrating to CreateOptionTypesPrototypes (20090324164010)
Migrating to MetaDataFieldsForProducts (20090401120636)
Migrating to RemoveHmpStuffInZones (20090401203712)
Migrating to CreateEuVatZoneAgain (20090401223217)
Migrating to AddUserLogin (20090402002244)
Migrating to AddOrderToken (20090402161055)
Migrating to AddEmailToOrder (20090402200317)
Migrating to AddMaestroFields (20090404192723)
Migrating to AddAlternativePhone (20090406091357)
Migrating to RefactorAddresses (20090406174645)
Migrating to RemoveViewableIdFromProducts (20090420021303)
Migrating to UpgradeTaxons (20090427000000)
Migrating to RemoveAddressOrphans (20090525000325)
Migrating to CreateCheckouts (20090603153927)
Migrating to ChangeTxnTypeToInt (20090617181106)
Migrating to CreateCharges (20090618203233)
Migrating to CreateCredits (20090626235303)
Migrating to AddImageDimensions (20090705101511)
Migrating to CreateCoupons (20090708175306)
Migrating to CreateDiscounts (20090708175317)
Migrating to AddDefaultAddressesToUser (20090714094201)
Migrating to CreateCalculators (20090715172345)
Migrating to AddChargeSourceToCharge (20090731085008)
Migrating to CreateShippingRates (20090803072025)
Migrating to CreateCalculatorsForTaxRates (20090804090559)
Migrating to DropCreditsAndDiscounts (20090805131937)
Migrating to RemoveTaxType (20090805185015)
Migrating to RenameChargesToAdjustments (20090806063212)
Migrating to RenameBaseToSource (20090806160214)
Migrating to RemoveCheckoutShippingAddressAndMethod (20090809170304)
Migrating to AddIsMasterToVariants (20090809193131)
Migrating to DropMasterPriceFromProducts (20090809201209)
Migrating to UpdateLegacyCalculators (20090809231957)
Migrating to CouponStartsAt (20090823005402)
Migrating to AddQueuedMail (20090828114732)
Migrating to AdjustPercentCalcSettings (20090908141056)
  [4;35;1mSQL (0.8ms)[0m   [0mSHOW TABLES[0m
  [4;36;1mSQL (0.5ms)[0m   [0;1mSHOW TABLES[0m
  [4;35;1mSQL (0.5ms)[0m   [0mSHOW TABLES[0m
  [4;36;1mSQL (0.1ms)[0m   [0;1mSELECT version FROM schema_migrations[0m
Migrating to CreateGatewayConfigurations (20080620120002)
Migrating to CreateGateways (20080620120003)
Migrating to CreateGatewayOptions (20080620120004)
Migrating to CreateGatewayOptionValues (20080620120005)
Migrating to CreateBogusGateway (20080620120006)
Migrating to CreateLinkpointGateway (20080620120007)
Migrating to CreatePaypalGateway (20080703120008)
Migrating to CreateAuthorizenetGateway (20081119210419)
Migrating to RemoveAuthorizenetTest (20081120144549)
Migrating to CreateProtxGateway (20090218091936)
Migrating to AddCurrencyCodeOptionToPaypalGateway (20090517173727)
  [4;35;1mSQL (0.7ms)[0m   [0mSHOW TABLES[0m
  [4;36;1mSQL (0.1ms)[0m   [0;1mSELECT version FROM schema_migrations[0m
Migrating to CreatePages (20081216193152)
Migrating to ExtendPages (20090625125735)
Migrating to AddVisibleToPages (20090814113100)
Migrating to AddDefaultTrueToVisibleForPage (20090814142845)
Migrating to AddIndexForPage (20090829000527)
  [4;35;1mSQL (0.5ms)[0m   [0mSHOW TABLES[0m
  [4;36;1mSQL (0.5ms)[0m   [0;1mSHOW TABLES[0m
  [4;35;1mSQL (0.8ms)[0m   [0mSHOW TABLES[0m
  [4;36;1mSQL (0.5ms)[0m   [0;1mSHOW TABLES[0m
  [4;35;1mSQL (0.5ms)[0m   [0mSHOW TABLES[0m
  [4;36;1mSQL (0.2ms)[0m   [0;1mSELECT version FROM schema_migrations[0m
Migrating to CreatePages (20081216193152)
Migrating to ExtendPages (20090625125735)
Migrating to AddVisibleToPages (20090814113100)
Migrating to AddDefaultTrueToVisibleForPage (20090814142845)
Migrating to AddIndexForPage (20090829000527)
  [4;35;1mSQL (0.5ms)[0m   [0mSHOW TABLES[0m
  [4;36;1mSQL (0.5ms)[0m   [0;1mSHOW TABLES[0m
  [4;35;1mSQL (0.5ms)[0m   [0mSHOW TABLES[0m
  [4;36;1mSQL (0.1ms)[0m   [0;1mSELECT version FROM schema_migrations[0m
Migrating to CreateGatewayConfigurations (20080620120002)
Migrating to CreateGateways (20080620120003)
Migrating to CreateGatewayOptions (20080620120004)
Migrating to CreateGatewayOptionValues (20080620120005)
Migrating to CreateBogusGateway (20080620120006)
Migrating to CreateLinkpointGateway (20080620120007)
Migrating to CreatePaypalGateway (20080703120008)
Migrating to CreateAuthorizenetGateway (20081119210419)
Migrating to RemoveAuthorizenetTest (20081120144549)
Migrating to CreateProtxGateway (20090218091936)
Migrating to AddCurrencyCodeOptionToPaypalGateway (20090517173727)
